[2025-05-31 00:00:26,984] [INFO] Logging started - Log file: logs\2025-05-31.txt
[2025-05-31 00:00:26,984] [INFO] Trading Bot Started
[2025-05-31 00:00:26,985] [INFO] Loaded 97 coins from coins.json
[2025-05-31 00:00:26,985] [INFO] Trading 97 coins with 10x leverage
[2025-05-31 00:00:31,647] [INFO] API connection successful
[2025-05-31 00:00:31,911] [INFO] Balance - Total: $7.32 | Available: $4.93
[2025-05-31 00:00:31,912] [INFO] Setting leverage to 10x for all coins...
[2025-05-31 00:00:57,968] [INFO] Leverage setting completed: 97 successful, 0 failed
[2025-05-31 00:04:33,040] [WARNING] Bot stopped by user
[2025-05-31 00:04:36,057] [INFO] Logging started - Log file: logs\2025-05-31.txt
[2025-05-31 00:04:36,058] [INFO] Trading Bot Started
[2025-05-31 00:04:36,058] [INFO] Loaded 97 coins from coins.json
[2025-05-31 00:04:36,058] [INFO] Trading 97 coins with 10x leverage
[2025-05-31 00:04:41,324] [INFO] API connection successful
[2025-05-31 00:04:41,585] [INFO] Balance - Total: $7.32 | Available: $4.93
[2025-05-31 00:04:41,586] [INFO] Setting leverage to 10x for all coins...
[2025-05-31 00:05:07,749] [INFO] Leverage setting completed: 97 successful, 0 failed
[2025-05-31 13:09:33,052] [INFO] Signal Alert: KAVA/USDT - Score: 65.0/100 - Trend: None
[2025-05-31 13:11:50,124] [INFO] Signal Alert: KAVA/USDT - Score: 65.0/100 - Trend: None
[2025-05-31 13:14:08,000] [INFO] Signal Alert: KAVA/USDT - Score: 65.0/100 - Trend: None
[2025-05-31 16:04:48,638] [INFO] Signal Alert: TAO/USDT - Score: 65.0/100 - Trend: long
[2025-05-31 16:04:48,647] [INFO] Balance - Total: $7.32 | Available: $7.32
[2025-05-31 16:04:48,648] [INFO] Position notional too small: $1.68 * 10x = $16.80 < $20
[2025-05-31 16:04:48,649] [INFO] Increased position amount to minimum: $2.00
[2025-05-31 16:04:49,231] [INFO] Dynamic Risk Levels for TAO/USDT (Score: 65.0)
[2025-05-31 16:04:49,233] [INFO] ATR: 3.430000 | Current Price: 404.770000
[2025-05-31 16:04:49,236] [INFO] Stop Loss: 16.95% | Take Profit: 12.71%
[2025-05-31 16:04:49,239] [WARNING] Order value still too low after adjustments! Notional: $19.83 < $20 minimum
[2025-05-31 16:07:08,840] [INFO] Signal Alert: TAO/USDT - Score: 65.0/100 - Trend: long
[2025-05-31 16:07:08,841] [INFO] Balance - Total: $7.32 | Available: $7.32
[2025-05-31 16:07:08,841] [INFO] Position notional too small: $1.68 * 10x = $16.80 < $20
[2025-05-31 16:07:08,842] [INFO] Increased position amount to minimum: $2.00
[2025-05-31 16:07:09,359] [INFO] Dynamic Risk Levels for TAO/USDT (Score: 65.0)
[2025-05-31 16:07:09,360] [INFO] ATR: 3.477143 | Current Price: 406.400000
[2025-05-31 16:07:09,360] [INFO] Stop Loss: 17.11% | Take Profit: 12.83%
[2025-05-31 16:07:09,361] [WARNING] Order value still too low after adjustments! Notional: $19.91 < $20 minimum
[2025-05-31 16:07:33,889] [INFO] Signal Alert: DEXE/USDT - Score: 65.0/100 - Trend: None
[2025-05-31 16:09:29,599] [INFO] Signal Alert: AAVE/USDT - Score: 80.0/100 - Trend: long
[2025-05-31 16:09:29,599] [INFO] Balance - Total: $7.32 | Available: $7.32
[2025-05-31 16:09:30,135] [INFO] Dynamic Risk Levels for AAVE/USDT (Score: 80.0)
[2025-05-31 16:09:30,136] [INFO] ATR: 2.040000 | Current Price: 251.100000
[2025-05-31 16:09:30,136] [INFO] Stop Loss: 12.19% | Take Profit: 20.31%
[2025-05-31 16:09:30,450] [INFO] Trailing stop set for AAVE/USDT (LONG) | Activation: 8.0%
[2025-05-31 16:09:30,454] [INFO] [OPEN POSITION] AAVE/USDT - Type: LONG | Price: 251.1 | Amount: 0.1 | Notional: $25.11 | Signal Score: 80.0 | Leverage: 10x | ATR: 2.040000 | Stop Loss: 12.19% | Take Profit: 20.31%
[2025-05-31 16:09:57,617] [INFO] Signal Alert: DEXE/USDT - Score: 75.0/100 - Trend: None
[2025-05-31 16:11:51,158] [INFO] Signal Alert: TAO/USDT - Score: 70.0/100 - Trend: long
[2025-05-31 16:11:51,158] [INFO] Balance - Total: $7.32 | Available: $7.32
[2025-05-31 16:11:51,159] [INFO] Position notional too small: $1.68 * 10x = $16.80 < $20
[2025-05-31 16:11:51,159] [INFO] Increased position amount to minimum: $2.00
[2025-05-31 16:11:51,712] [INFO] Dynamic Risk Levels for TAO/USDT (Score: 70.0)
[2025-05-31 16:11:51,712] [INFO] ATR: 3.537857 | Current Price: 404.640000
[2025-05-31 16:11:51,713] [INFO] Stop Loss: 13.11% | Take Profit: 21.86%
[2025-05-31 16:11:51,713] [WARNING] Order value still too low after adjustments! Notional: $19.83 < $20 minimum
[2025-05-31 16:12:17,115] [INFO] Signal Alert: DEXE/USDT - Score: 65.0/100 - Trend: None
[2025-05-31 16:14:12,115] [INFO] Signal Alert: TAO/USDT - Score: 75.0/100 - Trend: long
[2025-05-31 16:14:12,116] [INFO] Balance - Total: $7.32 | Available: $7.32
[2025-05-31 16:14:12,642] [INFO] Dynamic Risk Levels for TAO/USDT (Score: 75.0)
[2025-05-31 16:14:12,643] [INFO] ATR: 3.537857 | Current Price: 404.360000
[2025-05-31 16:14:12,643] [INFO] Stop Loss: 13.12% | Take Profit: 21.87%
[2025-05-31 16:14:12,904] [INFO] Trailing stop set for TAO/USDT (LONG) | Activation: 8.0%
[2025-05-31 16:14:12,905] [INFO] [OPEN POSITION] TAO/USDT - Type: LONG | Price: 404.36 | Amount: 0.052 | Notional: $21.03 | Signal Score: 75.0 | Leverage: 10x | ATR: 3.537857 | Stop Loss: 13.12% | Take Profit: 21.87%
[2025-05-31 16:14:38,746] [INFO] Signal Alert: DEXE/USDT - Score: 75.0/100 - Trend: None
[2025-05-31 17:24:25,519] [INFO] Trailing stop activated for TAO/USDT | PnL: 10.21% | Stop: Break-even
[2025-05-31 17:26:46,962] [INFO] Trailing stop upgraded for TAO/USDT | New Stop: +5.0% | PnL: 17.53%
[2025-05-31 17:26:47,319] [INFO] Trailing stop hit! TAO/USDT (LONG) | Price: 411.45 | Stop: 424.57800000000003 | Locked PnL: 5.00%
[2025-05-31 17:26:47,320] [INFO] Closing position due to trailing stop: TAO/USDT
[2025-05-31 17:26:47,947] [INFO] [CLOSE POSITION] TAO/USDT - Type: LONG | Entry Price: 404.36 | Exit Price: 411.74 | PnL: 18.25% | Amount: 0.052
[2025-05-31 19:05:42,433] [INFO] Dynamic stop loss hit: AAVE/USDT (-12.27% <= -12.19%)
[2025-05-31 19:05:42,956] [INFO] [CLOSE POSITION] AAVE/USDT - Type: LONG | Entry Price: 251.1 | Exit Price: 248.02 | PnL: -12.27% | Amount: 0.1
[2025-05-31 19:28:56,280] [INFO] Signal Alert: BCH/USDT - Score: 65.0/100 - Trend: long
[2025-05-31 19:28:56,281] [INFO] Balance - Total: $7.32 | Available: $7.32
[2025-05-31 19:28:56,282] [INFO] Position notional too small: $1.68 * 10x = $16.80 < $20
[2025-05-31 19:28:56,282] [INFO] Increased position amount to minimum: $2.00
[2025-05-31 19:28:56,853] [INFO] Dynamic Risk Levels for BCH/USDT (Score: 65.0)
[2025-05-31 19:28:56,853] [INFO] ATR: 3.001429 | Current Price: 421.070000
[2025-05-31 19:28:56,853] [INFO] Stop Loss: 14.26% | Take Profit: 10.69%
[2025-05-31 19:28:56,867] [WARNING] Order value still too low after adjustments! Notional: $19.79 < $20 minimum
[2025-05-31 21:09:39,088] [INFO] Signal Alert: TAO/USDT - Score: 65.0/100 - Trend: long
[2025-05-31 21:09:39,091] [INFO] Balance - Total: $7.32 | Available: $7.32
[2025-05-31 21:09:39,093] [INFO] Position notional too small: $1.68 * 10x = $16.80 < $20
[2025-05-31 21:09:39,093] [INFO] Increased position amount to minimum: $2.00
[2025-05-31 21:09:39,637] [INFO] Dynamic Risk Levels for TAO/USDT (Score: 65.0)
[2025-05-31 21:09:39,638] [INFO] ATR: 4.950714 | Current Price: 419.360000
[2025-05-31 21:09:39,640] [INFO] Stop Loss: 23.61% | Take Profit: 17.71%
[2025-05-31 21:09:39,933] [INFO] Trailing stop set for TAO/USDT (LONG) | Activation: 8.0%
[2025-05-31 21:09:39,934] [INFO] [OPEN POSITION] TAO/USDT - Type: LONG | Price: 419.36 | Amount: 0.048 | Notional: $20.13 | Signal Score: 65.0 | Leverage: 10x | ATR: 4.950714 | Stop Loss: 23.61% | Take Profit: 17.71%
[2025-05-31 21:11:28,160] [INFO] Trailing stop activated for TAO/USDT | PnL: 9.75% | Stop: Break-even
[2025-05-31 21:20:30,792] [INFO] Trailing stop upgraded for TAO/USDT | New Stop: +5.0% | PnL: 17.17%
[2025-05-31 21:20:31,046] [INFO] Trailing stop hit! TAO/USDT (LONG) | Price: 426.52 | Stop: 440.32800000000003 | Locked PnL: 5.00%
[2025-05-31 21:20:31,047] [INFO] Closing position due to trailing stop: TAO/USDT
[2025-05-31 21:20:31,566] [INFO] [CLOSE POSITION] TAO/USDT - Type: LONG | Entry Price: 419.36 | Exit Price: 426.52 | PnL: 17.07% | Amount: 0.048
[2025-05-31 22:11:12,955] [INFO] Signal Alert: IP/USDT - Score: 65.0/100 - Trend: long
[2025-05-31 22:11:12,955] [INFO] Balance - Total: $7.32 | Available: $7.32
[2025-05-31 22:11:12,956] [INFO] Position notional too small: $1.68 * 10x = $16.80 < $20
[2025-05-31 22:11:12,956] [INFO] Increased position amount to minimum: $2.00
[2025-05-31 22:11:13,497] [INFO] Dynamic Risk Levels for IP/USDT (Score: 65.0)
[2025-05-31 22:11:13,498] [INFO] ATR: 0.034696 | Current Price: 4.121310
[2025-05-31 22:11:13,499] [INFO] Stop Loss: 16.84% | Take Profit: 12.63%
[2025-05-31 22:11:13,774] [INFO] Trailing stop set for IP/USDT (LONG) | Activation: 8.0%
[2025-05-31 22:11:13,774] [INFO] [OPEN POSITION] IP/USDT - Type: LONG | Price: 4.12131 | Amount: 4.9 | Notional: $20.19 | Signal Score: 65.0 | Leverage: 10x | ATR: 0.034696 | Stop Loss: 16.84% | Take Profit: 12.63%
[2025-05-31 22:12:12,397] [INFO] Signal Alert: AR/USDT - Score: 65.0/100 - Trend: long
[2025-05-31 22:12:12,397] [INFO] Balance - Total: $7.32 | Available: $7.32
[2025-05-31 22:12:12,398] [INFO] Position notional too small: $1.68 * 10x = $16.80 < $20
[2025-05-31 22:12:12,398] [INFO] Increased position amount to minimum: $2.00
[2025-05-31 22:12:12,938] [INFO] Dynamic Risk Levels for AR/USDT (Score: 65.0)
[2025-05-31 22:12:12,939] [INFO] ATR: 0.040357 | Current Price: 6.419000
[2025-05-31 22:12:12,939] [INFO] Stop Loss: 12.57% | Take Profit: 9.43%
[2025-05-31 22:12:12,942] [WARNING] Order value still too low after adjustments! Notional: $19.90 < $20 minimum
[2025-05-31 22:14:28,475] [INFO] Signal Alert: AR/USDT - Score: 70.0/100 - Trend: long
[2025-05-31 22:14:28,476] [INFO] Balance - Total: $7.32 | Available: $7.32
[2025-05-31 22:14:28,476] [INFO] Position notional too small: $1.68 * 10x = $16.80 < $20
[2025-05-31 22:14:28,476] [INFO] Increased position amount to minimum: $2.00
[2025-05-31 22:14:29,022] [INFO] Dynamic Risk Levels for AR/USDT (Score: 70.0)
[2025-05-31 22:14:29,023] [INFO] ATR: 0.040357 | Current Price: 6.415000
[2025-05-31 22:14:29,023] [INFO] Stop Loss: 9.44% | Take Profit: 15.73%
[2025-05-31 22:14:29,024] [WARNING] Order value still too low after adjustments! Notional: $19.89 < $20 minimum
[2025-05-31 22:21:47,380] [INFO] Trailing stop activated for IP/USDT | PnL: 10.81% | Stop: Break-even
[2025-05-31 23:21:08,288] [INFO] Trailing stop upgraded for IP/USDT | New Stop: +5.0% | PnL: 15.21%
[2025-05-31 23:21:08,671] [INFO] Trailing stop hit! IP/USDT (LONG) | Price: 4.18646 | Stop: 4.3273755000000005 | Locked PnL: 5.00%
[2025-05-31 23:21:08,672] [INFO] Closing position due to trailing stop: IP/USDT
[2025-05-31 23:21:09,208] [INFO] [CLOSE POSITION] IP/USDT - Type: LONG | Entry Price: 4.12131 | Exit Price: 4.184 | PnL: 15.21% | Amount: 4.9
[2025-05-31 23:52:01,308] [INFO] Signal Alert: JTO/USDT - Score: 65.0/100 - Trend: long
[2025-05-31 23:52:01,309] [INFO] Balance - Total: $7.32 | Available: $7.32
[2025-05-31 23:52:01,309] [INFO] Position notional too small: $1.68 * 10x = $16.80 < $20
[2025-05-31 23:52:01,309] [INFO] Increased position amount to minimum: $2.00
[2025-05-31 23:52:01,842] [INFO] Dynamic Risk Levels for JTO/USDT (Score: 65.0)
[2025-05-31 23:52:01,857] [INFO] ATR: 0.010000 | Current Price: 1.689400
[2025-05-31 23:52:01,857] [INFO] Stop Loss: 11.84% | Take Profit: 8.88%
[2025-05-31 23:52:02,130] [INFO] Trailing stop set for JTO/USDT (LONG) | Activation: 8.0%
[2025-05-31 23:52:02,131] [INFO] [OPEN POSITION] JTO/USDT - Type: LONG | Price: 1.6894 | Amount: 12.0 | Notional: $20.27 | Signal Score: 65.0 | Leverage: 10x | ATR: 0.010000 | Stop Loss: 11.84% | Take Profit: 8.88%
[2025-06-01 00:12:04,874] [INFO] Signal Alert: CRV/USDT - Score: 70.0/100 - Trend: None
[2025-06-01 00:12:33,063] [INFO] Signal Alert: KAVA/USDT - Score: 65.0/100 - Trend: long
[2025-06-01 00:12:33,064] [INFO] Balance - Total: $7.32 | Available: $7.32
[2025-06-01 00:12:33,064] [INFO] Position notional too small: $1.68 * 10x = $16.80 < $20
[2025-06-01 00:12:33,065] [INFO] Increased position amount to minimum: $2.00
[2025-06-01 00:12:33,601] [INFO] Dynamic Risk Levels for KAVA/USDT (Score: 65.0)
[2025-06-01 00:12:33,601] [INFO] ATR: 0.003607 | Current Price: 0.425000
[2025-06-01 00:12:33,602] [INFO] Stop Loss: 16.97% | Take Profit: 12.73%
[2025-06-01 00:12:33,862] [INFO] Trailing stop set for KAVA/USDT (LONG) | Activation: 8.0%
[2025-06-01 00:12:33,862] [INFO] [OPEN POSITION] KAVA/USDT - Type: LONG | Price: 0.425 | Amount: 47.1 | Notional: $20.02 | Signal Score: 65.0 | Leverage: 10x | ATR: 0.003607 | Stop Loss: 16.97% | Take Profit: 12.73%
[2025-06-01 00:15:36,913] [INFO] Dynamic stop loss hit: JTO/USDT (-14.80% <= -11.84%)
[2025-06-01 00:15:37,423] [INFO] [CLOSE POSITION] JTO/USDT - Type: LONG | Entry Price: 1.6894 | Exit Price: 1.6637 | PnL: -15.21% | Amount: 12.0
[2025-06-01 01:56:22,352] [INFO] Dynamic stop loss hit: KAVA/USDT (-17.41% <= -16.97%)
[2025-06-01 01:56:22,894] [INFO] [CLOSE POSITION] KAVA/USDT - Type: LONG | Entry Price: 0.425 | Exit Price: 0.4175 | PnL: -17.65% | Amount: 47.1
[2025-06-01 04:20:04,306] [INFO] Signal Alert: RUNE/USDT - Score: 65.0/100 - Trend: long
[2025-06-01 04:20:04,307] [INFO] Balance - Total: $7.32 | Available: $7.32
[2025-06-01 04:20:04,307] [INFO] Position notional too small: $1.68 * 10x = $16.80 < $20
[2025-06-01 04:20:04,308] [INFO] Increased position amount to minimum: $2.00
[2025-06-01 04:20:04,881] [INFO] Dynamic Risk Levels for RUNE/USDT (Score: 65.0)
[2025-06-01 04:20:04,881] [INFO] ATR: 0.008357 | Current Price: 1.670000
[2025-06-01 04:20:04,882] [INFO] Stop Loss: 10.01% | Take Profit: 7.51%
[2025-06-01 04:20:05,175] [INFO] Trailing stop set for RUNE/USDT (LONG) | Activation: 8.0%
[2025-06-01 04:20:05,176] [INFO] [OPEN POSITION] RUNE/USDT - Type: LONG | Price: 1.67 | Amount: 12.0 | Notional: $20.04 | Signal Score: 65.0 | Leverage: 10x | ATR: 0.008357 | Stop Loss: 10.01% | Take Profit: 7.51%
[2025-06-01 04:56:41,349] [INFO] Dynamic stop loss hit: RUNE/USDT (-10.78% <= -10.01%)
[2025-06-01 04:56:41,868] [INFO] [CLOSE POSITION] RUNE/USDT - Type: LONG | Entry Price: 1.67 | Exit Price: 1.652 | PnL: -10.78% | Amount: 12.0
[2025-06-01 06:44:42,854] [INFO] Signal Alert: OM/USDT - Score: 70.0/100 - Trend: long
[2025-06-01 06:44:42,855] [INFO] Balance - Total: $7.32 | Available: $7.32
[2025-06-01 06:44:42,856] [INFO] Position notional too small: $1.68 * 10x = $16.80 < $20
[2025-06-01 06:44:42,856] [INFO] Increased position amount to minimum: $2.00
[2025-06-01 06:44:43,394] [INFO] Dynamic Risk Levels for OM/USDT (Score: 70.0)
[2025-06-01 06:44:43,395] [INFO] ATR: 0.003603 | Current Price: 0.312300
[2025-06-01 06:44:43,395] [INFO] Stop Loss: 17.30% | Take Profit: 28.84%
[2025-06-01 06:44:43,398] [WARNING] Order value still too low after adjustments! Notional: $19.99 < $20 minimum
[2025-06-01 07:22:07,621] [INFO] Signal Alert: HBAR/USDT - Score: 75.0/100 - Trend: long
[2025-06-01 07:22:07,622] [INFO] Balance - Total: $7.32 | Available: $7.32
[2025-06-01 07:22:08,154] [INFO] Dynamic Risk Levels for HBAR/USDT (Score: 75.0)
[2025-06-01 07:22:08,154] [INFO] ATR: 0.000949 | Current Price: 0.168390
[2025-06-01 07:22:08,154] [INFO] Stop Loss: 8.45% | Take Profit: 14.08%
[2025-06-01 07:22:08,415] [INFO] Trailing stop set for HBAR/USDT (LONG) | Activation: 8.0%
[2025-06-01 07:22:08,415] [INFO] [OPEN POSITION] HBAR/USDT - Type: LONG | Price: 0.16839 | Amount: 125.0 | Notional: $21.05 | Signal Score: 75.0 | Leverage: 10x | ATR: 0.000949 | Stop Loss: 8.45% | Take Profit: 14.08%
[2025-06-01 07:30:25,734] [ERROR] Error calculating signal score for AERO/USDT: binance GET https://fapi.binance.com/fapi/v1/klines?interval=4h&limit=50&symbol=AEROUSDT
[2025-06-01 07:30:26,007] [ERROR] Traceback (most recent call last):
  File "C:\Users\yasin\AppData\Roaming\Python\Python313\site-packages\urllib3\connectionpool.py", line 534, in _make_request
    response = conn.getresponse()
  File "C:\Users\yasin\AppData\Roaming\Python\Python313\site-packages\urllib3\connection.py", line 516, in getresponse
    httplib_response = super().getresponse()
  File "C:\Python313\Lib\http\client.py", line 1428, in getresponse
    response.begin()
    ~~~~~~~~~~~~~~^^
  File "C:\Python313\Lib\http\client.py", line 331, in begin
    version, status, reason = self._read_status()
                              ~~~~~~~~~~~~~~~~~^^
  File "C:\Python313\Lib\http\client.py", line 292, in _read_status
    line = str(self.fp.readline(_MAXLINE + 1), "iso-8859-1")
               ~~~~~~~~~~~~~~~~^^^^^^^^^^^^^^
  File "C:\Python313\Lib\socket.py", line 719, in readinto
    return self._sock.recv_into(b)
           ~~~~~~~~~~~~~~~~~~~~^^^
  File "C:\Python313\Lib\ssl.py", line 1304, in recv_into
    return self.read(nbytes, buffer)
           ~~~~~~~~~^^^^^^^^^^^^^^^^
  File "C:\Python313\Lib\ssl.py", line 1138, in read
    return self._sslobj.read(len, buffer)
           ~~~~~~~~~~~~~~~~~^^^^^^^^^^^^^
TimeoutError: The read operation timed out

The above exception was the direct cause of the following exception:

Traceback (most recent call last):
  File "C:\Users\yasin\AppData\Roaming\Python\Python313\site-packages\requests\adapters.py", line 486, in send
    resp = conn.urlopen(
        method=request.method,
    ...<9 lines>...
        chunked=chunked,
    )
  File "C:\Users\yasin\AppData\Roaming\Python\Python313\site-packages\urllib3\connectionpool.py", line 841, in urlopen
    retries = retries.increment(
        method, url, error=new_e, _pool=self, _stacktrace=sys.exc_info()[2]
    )
  File "C:\Users\yasin\AppData\Roaming\Python\Python313\site-packages\urllib3\util\retry.py", line 474, in increment
    raise reraise(type(error), error, _stacktrace)
          ~~~~~~~^^^^^^^^^^^^^^^^^^^^^^^^^^^^^^^^^
  File "C:\Users\yasin\AppData\Roaming\Python\Python313\site-packages\urllib3\util\util.py", line 39, in reraise
    raise value
  File "C:\Users\yasin\AppData\Roaming\Python\Python313\site-packages\urllib3\connectionpool.py", line 787, in urlopen
    response = self._make_request(
        conn,
    ...<10 lines>...
        **response_kw,
    )
  File "C:\Users\yasin\AppData\Roaming\Python\Python313\site-packages\urllib3\connectionpool.py", line 536, in _make_request
    self._raise_timeout(err=e, url=url, timeout_value=read_timeout)
    ~~~~~~~~~~~~~~~~~~~^^^^^^^^^^^^^^^^^^^^^^^^^^^^^^^^^^^^^^^^^^^^
  File "C:\Users\yasin\AppData\Roaming\Python\Python313\site-packages\urllib3\connectionpool.py", line 367, in _raise_timeout
    raise ReadTimeoutError(
        self, url, f"Read timed out. (read timeout={timeout_value})"
    ) from err
urllib3.exceptions.ReadTimeoutError: HTTPSConnectionPool(host='fapi.binance.com', port=443): Read timed out. (read timeout=10.0)

During handling of the above exception, another exception occurred:

Traceback (most recent call last):
  File "C:\Users\yasin\AppData\Roaming\Python\Python313\site-packages\ccxt\base\exchange.py", line 547, in fetch
    response = self.session.request(
        method,
    ...<5 lines>...
        verify=self.verify and self.validateServerSsl
    )
  File "C:\Users\yasin\AppData\Roaming\Python\Python313\site-packages\requests\sessions.py", line 589, in request
    resp = self.send(prep, **send_kwargs)
  File "C:\Users\yasin\AppData\Roaming\Python\Python313\site-packages\requests\sessions.py", line 703, in send
    r = adapter.send(request, **kwargs)
  File "C:\Users\yasin\AppData\Roaming\Python\Python313\site-packages\requests\adapters.py", line 532, in send
    raise ReadTimeout(e, request=request)
requests.exceptions.ReadTimeout: HTTPSConnectionPool(host='fapi.binance.com', port=443): Read timed out. (read timeout=10.0)

The above exception was the direct cause of the following exception:

Traceback (most recent call last):
  File "c:\Users\yasin\Desktop\BinanceBot\main.py", line 227, in calculate_total_signal_score
    mtf_score, trend_alignment, all_aligned = calculate_multi_timeframe_score(exchange, symbol)
                                              ~~~~~~~~~~~~~~~~~~~~~~~~~~~~~~~^^^^^^^^^^^^^^^^^^
  File "c:\Users\yasin\Desktop\BinanceBot\strategies\multi_timeframe.py", line 29, in calculate_multi_timeframe_score
    df_4h = pd.DataFrame(exchange.fetch_ohlcv(symbol, timeframe='4h', limit=50),
                         ~~~~~~~~~~~~~~~~~~~~^^^^^^^^^^^^^^^^^^^^^^^^^^^^^^^^^^
  File "C:\Users\yasin\AppData\Roaming\Python\Python313\site-packages\ccxt\binance.py", line 4687, in fetch_ohlcv
    response = self.fapiPublicGetKlines(self.extend(request, params))
  File "C:\Users\yasin\AppData\Roaming\Python\Python313\site-packages\ccxt\base\types.py", line 35, in unbound_method
    return _self.request(self.path, self.api, self.method, params, config=self.config)
           ~~~~~~~~~~~~~^^^^^^^^^^^^^^^^^^^^^^^^^^^^^^^^^^^^^^^^^^^^^^^^^^^^^^^^^^^^^^
  File "C:\Users\yasin\AppData\Roaming\Python\Python313\site-packages\ccxt\binance.py", line 11483, in request
    response = self.fetch2(path, api, method, params, headers, body, config)
  File "C:\Users\yasin\AppData\Roaming\Python\Python313\site-packages\ccxt\base\exchange.py", line 4355, in fetch2
    raise e
  File "C:\Users\yasin\AppData\Roaming\Python\Python313\site-packages\ccxt\base\exchange.py", line 4345, in fetch2
    return self.fetch(request['url'], request['method'], request['headers'], request['body'])
           ~~~~~~~~~~^^^^^^^^^^^^^^^^^^^^^^^^^^^^^^^^^^^^^^^^^^^^^^^^^^^^^^^^^^^^^^^^^^^^^^^^
  File "C:\Users\yasin\AppData\Roaming\Python\Python313\site-packages\ccxt\base\exchange.py", line 577, in fetch
    raise RequestTimeout(details) from e
ccxt.base.errors.RequestTimeout: binance GET https://fapi.binance.com/fapi/v1/klines?interval=4h&limit=50&symbol=AEROUSDT

[2025-06-01 07:30:26,015] [ERROR] OHLCV data fetch error (APE/USDT): binance GET https://fapi.binance.com/fapi/v1/klines?interval=15m&limit=100&symbol=APEUSDT
[2025-06-01 07:43:01,026] [INFO] Signal Alert: SEI/USDT - Score: 70.0/100 - Trend: long
[2025-06-01 07:43:01,027] [INFO] Balance - Total: $7.32 | Available: $7.32
[2025-06-01 07:43:01,028] [INFO] Position notional too small: $1.68 * 10x = $16.80 < $20
[2025-06-01 07:43:01,029] [INFO] Increased position amount to minimum: $2.00
[2025-06-01 07:43:01,565] [INFO] Dynamic Risk Levels for SEI/USDT (Score: 70.0)
[2025-06-01 07:43:01,566] [INFO] ATR: 0.001143 | Current Price: 0.194400
[2025-06-01 07:43:01,567] [INFO] Stop Loss: 8.82% | Take Profit: 14.70%
[2025-06-01 07:43:01,834] [INFO] Trailing stop set for SEI/USDT (LONG) | Activation: 8.0%
[2025-06-01 07:43:01,835] [INFO] [OPEN POSITION] SEI/USDT - Type: LONG | Price: 0.1944 | Amount: 103.0 | Notional: $20.02 | Signal Score: 70.0 | Leverage: 10x | ATR: 0.001143 | Stop Loss: 8.82% | Take Profit: 14.70%
[2025-06-01 07:54:23,072] [INFO] Signal Alert: LDO/USDT - Score: 65.0/100 - Trend: long
[2025-06-01 07:54:23,072] [INFO] Balance - Total: $7.32 | Available: $7.32
[2025-06-01 07:54:23,073] [INFO] Position notional too small: $1.68 * 10x = $16.80 < $20
[2025-06-01 07:54:23,073] [INFO] Increased position amount to minimum: $2.00
[2025-06-01 07:54:23,604] [INFO] Dynamic Risk Levels for LDO/USDT (Score: 65.0)
[2025-06-01 07:54:23,605] [INFO] ATR: 0.007393 | Current Price: 0.843200
[2025-06-01 07:54:23,606] [INFO] Stop Loss: 17.54% | Take Profit: 13.15%
[2025-06-01 07:54:23,882] [ERROR] Order placement error for LDO/USDT: binance {"code":-2019,"msg":"Margin is insufficient."}
[2025-06-01 07:54:23,905] [ERROR] Traceback (most recent call last):
  File "C:\Users\yasin\AppData\Roaming\Python\Python313\site-packages\ccxt\base\exchange.py", line 573, in fetch
    response.raise_for_status()
    ~~~~~~~~~~~~~~~~~~~~~~~~~^^
  File "C:\Users\yasin\AppData\Roaming\Python\Python313\site-packages\requests\models.py", line 1021, in raise_for_status
    raise HTTPError(http_error_msg, response=self)
requests.exceptions.HTTPError: 400 Client Error: Bad Request for url: https://fapi.binance.com/fapi/v1/order

During handling of the above exception, another exception occurred:

Traceback (most recent call last):
  File "c:\Users\yasin\Desktop\BinanceBot\main.py", line 396, in place_order
    order = exchange.create_market_order(
        symbol=symbol,
    ...<2 lines>...
        params=params
    )
  File "C:\Users\yasin\AppData\Roaming\Python\Python313\site-packages\ccxt\base\exchange.py", line 5433, in create_market_order
    return self.create_order(symbol, 'market', side, amount, price, params)
           ~~~~~~~~~~~~~~~~~^^^^^^^^^^^^^^^^^^^^^^^^^^^^^^^^^^^^^^^^^^^^^^^
  File "C:\Users\yasin\AppData\Roaming\Python\Python313\site-packages\ccxt\binance.py", line 6200, in create_order
    response = self.fapiPrivatePostOrder(request)
  File "C:\Users\yasin\AppData\Roaming\Python\Python313\site-packages\ccxt\base\types.py", line 35, in unbound_method
    return _self.request(self.path, self.api, self.method, params, config=self.config)
           ~~~~~~~~~~~~~^^^^^^^^^^^^^^^^^^^^^^^^^^^^^^^^^^^^^^^^^^^^^^^^^^^^^^^^^^^^^^
  File "C:\Users\yasin\AppData\Roaming\Python\Python313\site-packages\ccxt\binance.py", line 11483, in request
    response = self.fetch2(path, api, method, params, headers, body, config)
  File "C:\Users\yasin\AppData\Roaming\Python\Python313\site-packages\ccxt\base\exchange.py", line 4355, in fetch2
    raise e
  File "C:\Users\yasin\AppData\Roaming\Python\Python313\site-packages\ccxt\base\exchange.py", line 4345, in fetch2
    return self.fetch(request['url'], request['method'], request['headers'], request['body'])
           ~~~~~~~~~~^^^^^^^^^^^^^^^^^^^^^^^^^^^^^^^^^^^^^^^^^^^^^^^^^^^^^^^^^^^^^^^^^^^^^^^^
  File "C:\Users\yasin\AppData\Roaming\Python\Python313\site-packages\ccxt\base\exchange.py", line 589, in fetch
    skip_further_error_handling = self.handle_errors(http_status_code, http_status_text, url, method, headers, http_response, json_response, request_headers, request_body)
  File "C:\Users\yasin\AppData\Roaming\Python\Python313\site-packages\ccxt\binance.py", line 11450, in handle_errors
    self.throw_exactly_matched_exception(self.get_exceptions_by_url(url, 'exact'), error, feedback)
    ~~~~~~~~~~~~~~~~~~~~~~~~~~~~~~~~~~~~^^^^^^^^^^^^^^^^^^^^^^^^^^^^^^^^^^^^^^^^^^^^^^^^^^^^^^^^^^^
  File "C:\Users\yasin\AppData\Roaming\Python\Python313\site-packages\ccxt\base\exchange.py", line 4748, in throw_exactly_matched_exception
    raise exact[string](message)
ccxt.base.errors.InsufficientFunds: binance {"code":-2019,"msg":"Margin is insufficient."}

[2025-06-01 07:56:36,449] [INFO] Signal Alert: LDO/USDT - Score: 65.0/100 - Trend: long
[2025-06-01 07:56:36,450] [INFO] Balance - Total: $7.32 | Available: $7.32
[2025-06-01 07:56:36,450] [INFO] Position notional too small: $1.68 * 10x = $16.80 < $20
[2025-06-01 07:56:36,451] [INFO] Increased position amount to minimum: $2.00
[2025-06-01 07:56:36,996] [INFO] Dynamic Risk Levels for LDO/USDT (Score: 65.0)
[2025-06-01 07:56:36,997] [INFO] ATR: 0.007471 | Current Price: 0.843000
[2025-06-01 07:56:36,997] [INFO] Stop Loss: 17.73% | Take Profit: 13.29%
[2025-06-01 07:56:37,255] [ERROR] Order placement error for LDO/USDT: binance {"code":-2019,"msg":"Margin is insufficient."}
[2025-06-01 07:56:37,259] [ERROR] Traceback (most recent call last):
  File "C:\Users\yasin\AppData\Roaming\Python\Python313\site-packages\ccxt\base\exchange.py", line 573, in fetch
    response.raise_for_status()
    ~~~~~~~~~~~~~~~~~~~~~~~~~^^
  File "C:\Users\yasin\AppData\Roaming\Python\Python313\site-packages\requests\models.py", line 1021, in raise_for_status
    raise HTTPError(http_error_msg, response=self)
requests.exceptions.HTTPError: 400 Client Error: Bad Request for url: https://fapi.binance.com/fapi/v1/order

During handling of the above exception, another exception occurred:

Traceback (most recent call last):
  File "c:\Users\yasin\Desktop\BinanceBot\main.py", line 396, in place_order
    order = exchange.create_market_order(
        symbol=symbol,
    ...<2 lines>...
        params=params
    )
  File "C:\Users\yasin\AppData\Roaming\Python\Python313\site-packages\ccxt\base\exchange.py", line 5433, in create_market_order
    return self.create_order(symbol, 'market', side, amount, price, params)
           ~~~~~~~~~~~~~~~~~^^^^^^^^^^^^^^^^^^^^^^^^^^^^^^^^^^^^^^^^^^^^^^^
  File "C:\Users\yasin\AppData\Roaming\Python\Python313\site-packages\ccxt\binance.py", line 6200, in create_order
    response = self.fapiPrivatePostOrder(request)
  File "C:\Users\yasin\AppData\Roaming\Python\Python313\site-packages\ccxt\base\types.py", line 35, in unbound_method
    return _self.request(self.path, self.api, self.method, params, config=self.config)
           ~~~~~~~~~~~~~^^^^^^^^^^^^^^^^^^^^^^^^^^^^^^^^^^^^^^^^^^^^^^^^^^^^^^^^^^^^^^
  File "C:\Users\yasin\AppData\Roaming\Python\Python313\site-packages\ccxt\binance.py", line 11483, in request
    response = self.fetch2(path, api, method, params, headers, body, config)
  File "C:\Users\yasin\AppData\Roaming\Python\Python313\site-packages\ccxt\base\exchange.py", line 4355, in fetch2
    raise e
  File "C:\Users\yasin\AppData\Roaming\Python\Python313\site-packages\ccxt\base\exchange.py", line 4345, in fetch2
    return self.fetch(request['url'], request['method'], request['headers'], request['body'])
           ~~~~~~~~~~^^^^^^^^^^^^^^^^^^^^^^^^^^^^^^^^^^^^^^^^^^^^^^^^^^^^^^^^^^^^^^^^^^^^^^^^
  File "C:\Users\yasin\AppData\Roaming\Python\Python313\site-packages\ccxt\base\exchange.py", line 589, in fetch
    skip_further_error_handling = self.handle_errors(http_status_code, http_status_text, url, method, headers, http_response, json_response, request_headers, request_body)
  File "C:\Users\yasin\AppData\Roaming\Python\Python313\site-packages\ccxt\binance.py", line 11450, in handle_errors
    self.throw_exactly_matched_exception(self.get_exceptions_by_url(url, 'exact'), error, feedback)
    ~~~~~~~~~~~~~~~~~~~~~~~~~~~~~~~~~~~~^^^^^^^^^^^^^^^^^^^^^^^^^^^^^^^^^^^^^^^^^^^^^^^^^^^^^^^^^^^
  File "C:\Users\yasin\AppData\Roaming\Python\Python313\site-packages\ccxt\base\exchange.py", line 4748, in throw_exactly_matched_exception
    raise exact[string](message)
ccxt.base.errors.InsufficientFunds: binance {"code":-2019,"msg":"Margin is insufficient."}

[2025-06-01 07:56:44,070] [INFO] Signal Alert: CAKE/USDT - Score: 65.0/100 - Trend: long
[2025-06-01 07:56:44,070] [INFO] Balance - Total: $7.32 | Available: $7.32
[2025-06-01 07:56:44,070] [INFO] Position notional too small: $1.68 * 10x = $16.80 < $20
[2025-06-01 07:56:44,070] [INFO] Increased position amount to minimum: $2.00
[2025-06-01 07:56:44,607] [INFO] Dynamic Risk Levels for CAKE/USDT (Score: 65.0)
[2025-06-01 07:56:44,608] [INFO] ATR: 0.013764 | Current Price: 2.311800
[2025-06-01 07:56:44,608] [INFO] Stop Loss: 11.91% | Take Profit: 8.93%
[2025-06-01 07:56:44,874] [ERROR] Order placement error for CAKE/USDT: binance {"code":-2019,"msg":"Margin is insufficient."}
[2025-06-01 07:56:44,877] [ERROR] Traceback (most recent call last):
  File "C:\Users\yasin\AppData\Roaming\Python\Python313\site-packages\ccxt\base\exchange.py", line 573, in fetch
    response.raise_for_status()
    ~~~~~~~~~~~~~~~~~~~~~~~~~^^
  File "C:\Users\yasin\AppData\Roaming\Python\Python313\site-packages\requests\models.py", line 1021, in raise_for_status
    raise HTTPError(http_error_msg, response=self)
requests.exceptions.HTTPError: 400 Client Error: Bad Request for url: https://fapi.binance.com/fapi/v1/order

During handling of the above exception, another exception occurred:

Traceback (most recent call last):
  File "c:\Users\yasin\Desktop\BinanceBot\main.py", line 396, in place_order
    order = exchange.create_market_order(
        symbol=symbol,
    ...<2 lines>...
        params=params
    )
  File "C:\Users\yasin\AppData\Roaming\Python\Python313\site-packages\ccxt\base\exchange.py", line 5433, in create_market_order
    return self.create_order(symbol, 'market', side, amount, price, params)
           ~~~~~~~~~~~~~~~~~^^^^^^^^^^^^^^^^^^^^^^^^^^^^^^^^^^^^^^^^^^^^^^^
  File "C:\Users\yasin\AppData\Roaming\Python\Python313\site-packages\ccxt\binance.py", line 6200, in create_order
    response = self.fapiPrivatePostOrder(request)
  File "C:\Users\yasin\AppData\Roaming\Python\Python313\site-packages\ccxt\base\types.py", line 35, in unbound_method
    return _self.request(self.path, self.api, self.method, params, config=self.config)
           ~~~~~~~~~~~~~^^^^^^^^^^^^^^^^^^^^^^^^^^^^^^^^^^^^^^^^^^^^^^^^^^^^^^^^^^^^^^
  File "C:\Users\yasin\AppData\Roaming\Python\Python313\site-packages\ccxt\binance.py", line 11483, in request
    response = self.fetch2(path, api, method, params, headers, body, config)
  File "C:\Users\yasin\AppData\Roaming\Python\Python313\site-packages\ccxt\base\exchange.py", line 4355, in fetch2
    raise e
  File "C:\Users\yasin\AppData\Roaming\Python\Python313\site-packages\ccxt\base\exchange.py", line 4345, in fetch2
    return self.fetch(request['url'], request['method'], request['headers'], request['body'])
           ~~~~~~~~~~^^^^^^^^^^^^^^^^^^^^^^^^^^^^^^^^^^^^^^^^^^^^^^^^^^^^^^^^^^^^^^^^^^^^^^^^
  File "C:\Users\yasin\AppData\Roaming\Python\Python313\site-packages\ccxt\base\exchange.py", line 589, in fetch
    skip_further_error_handling = self.handle_errors(http_status_code, http_status_text, url, method, headers, http_response, json_response, request_headers, request_body)
  File "C:\Users\yasin\AppData\Roaming\Python\Python313\site-packages\ccxt\binance.py", line 11450, in handle_errors
    self.throw_exactly_matched_exception(self.get_exceptions_by_url(url, 'exact'), error, feedback)
    ~~~~~~~~~~~~~~~~~~~~~~~~~~~~~~~~~~~~^^^^^^^^^^^^^^^^^^^^^^^^^^^^^^^^^^^^^^^^^^^^^^^^^^^^^^^^^^^
  File "C:\Users\yasin\AppData\Roaming\Python\Python313\site-packages\ccxt\base\exchange.py", line 4748, in throw_exactly_matched_exception
    raise exact[string](message)
ccxt.base.errors.InsufficientFunds: binance {"code":-2019,"msg":"Margin is insufficient."}

[2025-06-01 07:58:51,211] [INFO] Signal Alert: LDO/USDT - Score: 65.0/100 - Trend: long
[2025-06-01 07:58:51,212] [INFO] Balance - Total: $7.32 | Available: $7.32
[2025-06-01 07:58:51,212] [INFO] Position notional too small: $1.68 * 10x = $16.80 < $20
[2025-06-01 07:58:51,213] [INFO] Increased position amount to minimum: $2.00
[2025-06-01 07:58:51,733] [INFO] Dynamic Risk Levels for LDO/USDT (Score: 65.0)
[2025-06-01 07:58:51,734] [INFO] ATR: 0.007471 | Current Price: 0.841000
[2025-06-01 07:58:51,734] [INFO] Stop Loss: 17.77% | Take Profit: 13.33%
[2025-06-01 07:58:51,991] [ERROR] Order placement error for LDO/USDT: binance {"code":-2019,"msg":"Margin is insufficient."}
[2025-06-01 07:58:51,993] [ERROR] Traceback (most recent call last):
  File "C:\Users\yasin\AppData\Roaming\Python\Python313\site-packages\ccxt\base\exchange.py", line 573, in fetch
    response.raise_for_status()
    ~~~~~~~~~~~~~~~~~~~~~~~~~^^
  File "C:\Users\yasin\AppData\Roaming\Python\Python313\site-packages\requests\models.py", line 1021, in raise_for_status
    raise HTTPError(http_error_msg, response=self)
requests.exceptions.HTTPError: 400 Client Error: Bad Request for url: https://fapi.binance.com/fapi/v1/order

During handling of the above exception, another exception occurred:

Traceback (most recent call last):
  File "c:\Users\yasin\Desktop\BinanceBot\main.py", line 396, in place_order
    order = exchange.create_market_order(
        symbol=symbol,
    ...<2 lines>...
        params=params
    )
  File "C:\Users\yasin\AppData\Roaming\Python\Python313\site-packages\ccxt\base\exchange.py", line 5433, in create_market_order
    return self.create_order(symbol, 'market', side, amount, price, params)
           ~~~~~~~~~~~~~~~~~^^^^^^^^^^^^^^^^^^^^^^^^^^^^^^^^^^^^^^^^^^^^^^^
  File "C:\Users\yasin\AppData\Roaming\Python\Python313\site-packages\ccxt\binance.py", line 6200, in create_order
    response = self.fapiPrivatePostOrder(request)
  File "C:\Users\yasin\AppData\Roaming\Python\Python313\site-packages\ccxt\base\types.py", line 35, in unbound_method
    return _self.request(self.path, self.api, self.method, params, config=self.config)
           ~~~~~~~~~~~~~^^^^^^^^^^^^^^^^^^^^^^^^^^^^^^^^^^^^^^^^^^^^^^^^^^^^^^^^^^^^^^
  File "C:\Users\yasin\AppData\Roaming\Python\Python313\site-packages\ccxt\binance.py", line 11483, in request
    response = self.fetch2(path, api, method, params, headers, body, config)
  File "C:\Users\yasin\AppData\Roaming\Python\Python313\site-packages\ccxt\base\exchange.py", line 4355, in fetch2
    raise e
  File "C:\Users\yasin\AppData\Roaming\Python\Python313\site-packages\ccxt\base\exchange.py", line 4345, in fetch2
    return self.fetch(request['url'], request['method'], request['headers'], request['body'])
           ~~~~~~~~~~^^^^^^^^^^^^^^^^^^^^^^^^^^^^^^^^^^^^^^^^^^^^^^^^^^^^^^^^^^^^^^^^^^^^^^^^
  File "C:\Users\yasin\AppData\Roaming\Python\Python313\site-packages\ccxt\base\exchange.py", line 589, in fetch
    skip_further_error_handling = self.handle_errors(http_status_code, http_status_text, url, method, headers, http_response, json_response, request_headers, request_body)
  File "C:\Users\yasin\AppData\Roaming\Python\Python313\site-packages\ccxt\binance.py", line 11450, in handle_errors
    self.throw_exactly_matched_exception(self.get_exceptions_by_url(url, 'exact'), error, feedback)
    ~~~~~~~~~~~~~~~~~~~~~~~~~~~~~~~~~~~~^^^^^^^^^^^^^^^^^^^^^^^^^^^^^^^^^^^^^^^^^^^^^^^^^^^^^^^^^^^
  File "C:\Users\yasin\AppData\Roaming\Python\Python313\site-packages\ccxt\base\exchange.py", line 4748, in throw_exactly_matched_exception
    raise exact[string](message)
ccxt.base.errors.InsufficientFunds: binance {"code":-2019,"msg":"Margin is insufficient."}

[2025-06-01 07:58:59,384] [INFO] Signal Alert: CAKE/USDT - Score: 65.0/100 - Trend: long
[2025-06-01 07:58:59,385] [INFO] Balance - Total: $7.32 | Available: $7.32
[2025-06-01 07:58:59,386] [INFO] Position notional too small: $1.68 * 10x = $16.80 < $20
[2025-06-01 07:58:59,386] [INFO] Increased position amount to minimum: $2.00
[2025-06-01 07:58:59,904] [INFO] Dynamic Risk Levels for CAKE/USDT (Score: 65.0)
[2025-06-01 07:58:59,904] [INFO] ATR: 0.013764 | Current Price: 2.312500
[2025-06-01 07:58:59,904] [INFO] Stop Loss: 11.90% | Take Profit: 8.93%
[2025-06-01 07:59:00,163] [ERROR] Order placement error for CAKE/USDT: binance {"code":-2019,"msg":"Margin is insufficient."}
[2025-06-01 07:59:00,168] [ERROR] Traceback (most recent call last):
  File "C:\Users\yasin\AppData\Roaming\Python\Python313\site-packages\ccxt\base\exchange.py", line 573, in fetch
    response.raise_for_status()
    ~~~~~~~~~~~~~~~~~~~~~~~~~^^
  File "C:\Users\yasin\AppData\Roaming\Python\Python313\site-packages\requests\models.py", line 1021, in raise_for_status
    raise HTTPError(http_error_msg, response=self)
requests.exceptions.HTTPError: 400 Client Error: Bad Request for url: https://fapi.binance.com/fapi/v1/order

During handling of the above exception, another exception occurred:

Traceback (most recent call last):
  File "c:\Users\yasin\Desktop\BinanceBot\main.py", line 396, in place_order
    order = exchange.create_market_order(
        symbol=symbol,
    ...<2 lines>...
        params=params
    )
  File "C:\Users\yasin\AppData\Roaming\Python\Python313\site-packages\ccxt\base\exchange.py", line 5433, in create_market_order
    return self.create_order(symbol, 'market', side, amount, price, params)
           ~~~~~~~~~~~~~~~~~^^^^^^^^^^^^^^^^^^^^^^^^^^^^^^^^^^^^^^^^^^^^^^^
  File "C:\Users\yasin\AppData\Roaming\Python\Python313\site-packages\ccxt\binance.py", line 6200, in create_order
    response = self.fapiPrivatePostOrder(request)
  File "C:\Users\yasin\AppData\Roaming\Python\Python313\site-packages\ccxt\base\types.py", line 35, in unbound_method
    return _self.request(self.path, self.api, self.method, params, config=self.config)
           ~~~~~~~~~~~~~^^^^^^^^^^^^^^^^^^^^^^^^^^^^^^^^^^^^^^^^^^^^^^^^^^^^^^^^^^^^^^
  File "C:\Users\yasin\AppData\Roaming\Python\Python313\site-packages\ccxt\binance.py", line 11483, in request
    response = self.fetch2(path, api, method, params, headers, body, config)
  File "C:\Users\yasin\AppData\Roaming\Python\Python313\site-packages\ccxt\base\exchange.py", line 4355, in fetch2
    raise e
  File "C:\Users\yasin\AppData\Roaming\Python\Python313\site-packages\ccxt\base\exchange.py", line 4345, in fetch2
    return self.fetch(request['url'], request['method'], request['headers'], request['body'])
           ~~~~~~~~~~^^^^^^^^^^^^^^^^^^^^^^^^^^^^^^^^^^^^^^^^^^^^^^^^^^^^^^^^^^^^^^^^^^^^^^^^
  File "C:\Users\yasin\AppData\Roaming\Python\Python313\site-packages\ccxt\base\exchange.py", line 589, in fetch
    skip_further_error_handling = self.handle_errors(http_status_code, http_status_text, url, method, headers, http_response, json_response, request_headers, request_body)
  File "C:\Users\yasin\AppData\Roaming\Python\Python313\site-packages\ccxt\binance.py", line 11450, in handle_errors
    self.throw_exactly_matched_exception(self.get_exceptions_by_url(url, 'exact'), error, feedback)
    ~~~~~~~~~~~~~~~~~~~~~~~~~~~~~~~~~~~~^^^^^^^^^^^^^^^^^^^^^^^^^^^^^^^^^^^^^^^^^^^^^^^^^^^^^^^^^^^
  File "C:\Users\yasin\AppData\Roaming\Python\Python313\site-packages\ccxt\base\exchange.py", line 4748, in throw_exactly_matched_exception
    raise exact[string](message)
ccxt.base.errors.InsufficientFunds: binance {"code":-2019,"msg":"Margin is insufficient."}

[2025-06-01 08:07:50,850] [INFO] Signal Alert: LDO/USDT - Score: 65.0/100 - Trend: long
[2025-06-01 08:07:50,850] [INFO] Balance - Total: $7.32 | Available: $7.32
[2025-06-01 08:07:50,851] [INFO] Position notional too small: $1.68 * 10x = $16.80 < $20
[2025-06-01 08:07:50,851] [INFO] Increased position amount to minimum: $2.00
[2025-06-01 08:07:51,379] [INFO] Dynamic Risk Levels for LDO/USDT (Score: 65.0)
[2025-06-01 08:07:51,379] [INFO] ATR: 0.007400 | Current Price: 0.844500
[2025-06-01 08:07:51,380] [INFO] Stop Loss: 17.53% | Take Profit: 13.14%
[2025-06-01 08:07:51,642] [ERROR] Order placement error for LDO/USDT: binance {"code":-2019,"msg":"Margin is insufficient."}
[2025-06-01 08:07:51,647] [ERROR] Traceback (most recent call last):
  File "C:\Users\yasin\AppData\Roaming\Python\Python313\site-packages\ccxt\base\exchange.py", line 573, in fetch
    response.raise_for_status()
    ~~~~~~~~~~~~~~~~~~~~~~~~~^^
  File "C:\Users\yasin\AppData\Roaming\Python\Python313\site-packages\requests\models.py", line 1021, in raise_for_status
    raise HTTPError(http_error_msg, response=self)
requests.exceptions.HTTPError: 400 Client Error: Bad Request for url: https://fapi.binance.com/fapi/v1/order

During handling of the above exception, another exception occurred:

Traceback (most recent call last):
  File "c:\Users\yasin\Desktop\BinanceBot\main.py", line 396, in place_order
    order = exchange.create_market_order(
        symbol=symbol,
    ...<2 lines>...
        params=params
    )
  File "C:\Users\yasin\AppData\Roaming\Python\Python313\site-packages\ccxt\base\exchange.py", line 5433, in create_market_order
    return self.create_order(symbol, 'market', side, amount, price, params)
           ~~~~~~~~~~~~~~~~~^^^^^^^^^^^^^^^^^^^^^^^^^^^^^^^^^^^^^^^^^^^^^^^
  File "C:\Users\yasin\AppData\Roaming\Python\Python313\site-packages\ccxt\binance.py", line 6200, in create_order
    response = self.fapiPrivatePostOrder(request)
  File "C:\Users\yasin\AppData\Roaming\Python\Python313\site-packages\ccxt\base\types.py", line 35, in unbound_method
    return _self.request(self.path, self.api, self.method, params, config=self.config)
           ~~~~~~~~~~~~~^^^^^^^^^^^^^^^^^^^^^^^^^^^^^^^^^^^^^^^^^^^^^^^^^^^^^^^^^^^^^^
  File "C:\Users\yasin\AppData\Roaming\Python\Python313\site-packages\ccxt\binance.py", line 11483, in request
    response = self.fetch2(path, api, method, params, headers, body, config)
  File "C:\Users\yasin\AppData\Roaming\Python\Python313\site-packages\ccxt\base\exchange.py", line 4355, in fetch2
    raise e
  File "C:\Users\yasin\AppData\Roaming\Python\Python313\site-packages\ccxt\base\exchange.py", line 4345, in fetch2
    return self.fetch(request['url'], request['method'], request['headers'], request['body'])
           ~~~~~~~~~~^^^^^^^^^^^^^^^^^^^^^^^^^^^^^^^^^^^^^^^^^^^^^^^^^^^^^^^^^^^^^^^^^^^^^^^^
  File "C:\Users\yasin\AppData\Roaming\Python\Python313\site-packages\ccxt\base\exchange.py", line 589, in fetch
    skip_further_error_handling = self.handle_errors(http_status_code, http_status_text, url, method, headers, http_response, json_response, request_headers, request_body)
  File "C:\Users\yasin\AppData\Roaming\Python\Python313\site-packages\ccxt\binance.py", line 11450, in handle_errors
    self.throw_exactly_matched_exception(self.get_exceptions_by_url(url, 'exact'), error, feedback)
    ~~~~~~~~~~~~~~~~~~~~~~~~~~~~~~~~~~~~^^^^^^^^^^^^^^^^^^^^^^^^^^^^^^^^^^^^^^^^^^^^^^^^^^^^^^^^^^^
  File "C:\Users\yasin\AppData\Roaming\Python\Python313\site-packages\ccxt\base\exchange.py", line 4748, in throw_exactly_matched_exception
    raise exact[string](message)
ccxt.base.errors.InsufficientFunds: binance {"code":-2019,"msg":"Margin is insufficient."}

[2025-06-01 08:37:09,815] [INFO] Signal Alert: ZEC/USDT - Score: 65.0/100 - Trend: long
[2025-06-01 08:37:09,816] [INFO] Balance - Total: $7.32 | Available: $7.32
[2025-06-01 08:37:09,817] [INFO] Position notional too small: $1.68 * 10x = $16.80 < $20
[2025-06-01 08:37:09,817] [INFO] Increased position amount to minimum: $2.00
[2025-06-01 08:37:10,349] [INFO] Dynamic Risk Levels for ZEC/USDT (Score: 65.0)
[2025-06-01 08:37:10,350] [INFO] ATR: 0.292857 | Current Price: 50.330000
[2025-06-01 08:37:10,350] [INFO] Stop Loss: 11.64% | Take Profit: 8.73%
[2025-06-01 08:37:10,365] [WARNING] Order value still too low after adjustments! Notional: $19.98 < $20 minimum
[2025-06-01 08:39:22,939] [INFO] Signal Alert: ZEC/USDT - Score: 70.0/100 - Trend: long
[2025-06-01 08:39:22,940] [INFO] Balance - Total: $7.32 | Available: $7.32
[2025-06-01 08:39:22,941] [INFO] Position notional too small: $1.68 * 10x = $16.80 < $20
[2025-06-01 08:39:22,941] [INFO] Increased position amount to minimum: $2.00
[2025-06-01 08:39:23,488] [INFO] Dynamic Risk Levels for ZEC/USDT (Score: 70.0)
[2025-06-01 08:39:23,489] [INFO] ATR: 0.315000 | Current Price: 50.600000
[2025-06-01 08:39:23,489] [INFO] Stop Loss: 9.34% | Take Profit: 15.56%
[2025-06-01 08:39:23,489] [WARNING] Order value still too low after adjustments! Notional: $19.99 < $20 minimum
[2025-06-01 08:41:37,202] [INFO] Signal Alert: ZEC/USDT - Score: 75.0/100 - Trend: long
[2025-06-01 08:41:37,203] [INFO] Balance - Total: $7.32 | Available: $7.32
[2025-06-01 08:41:37,715] [INFO] Dynamic Risk Levels for ZEC/USDT (Score: 75.0)
[2025-06-01 08:41:37,716] [INFO] ATR: 0.336429 | Current Price: 50.730000
[2025-06-01 08:41:37,716] [INFO] Stop Loss: 9.95% | Take Profit: 16.58%
[2025-06-01 08:41:37,987] [ERROR] Order placement error for ZEC/USDT: binance {"code":-2019,"msg":"Margin is insufficient."}
[2025-06-01 08:41:37,991] [ERROR] Traceback (most recent call last):
  File "C:\Users\yasin\AppData\Roaming\Python\Python313\site-packages\ccxt\base\exchange.py", line 573, in fetch
    response.raise_for_status()
    ~~~~~~~~~~~~~~~~~~~~~~~~~^^
  File "C:\Users\yasin\AppData\Roaming\Python\Python313\site-packages\requests\models.py", line 1021, in raise_for_status
    raise HTTPError(http_error_msg, response=self)
requests.exceptions.HTTPError: 400 Client Error: Bad Request for url: https://fapi.binance.com/fapi/v1/order

During handling of the above exception, another exception occurred:

Traceback (most recent call last):
  File "c:\Users\yasin\Desktop\BinanceBot\main.py", line 396, in place_order
    order = exchange.create_market_order(
        symbol=symbol,
    ...<2 lines>...
        params=params
    )
  File "C:\Users\yasin\AppData\Roaming\Python\Python313\site-packages\ccxt\base\exchange.py", line 5433, in create_market_order
    return self.create_order(symbol, 'market', side, amount, price, params)
           ~~~~~~~~~~~~~~~~~^^^^^^^^^^^^^^^^^^^^^^^^^^^^^^^^^^^^^^^^^^^^^^^
  File "C:\Users\yasin\AppData\Roaming\Python\Python313\site-packages\ccxt\binance.py", line 6200, in create_order
    response = self.fapiPrivatePostOrder(request)
  File "C:\Users\yasin\AppData\Roaming\Python\Python313\site-packages\ccxt\base\types.py", line 35, in unbound_method
    return _self.request(self.path, self.api, self.method, params, config=self.config)
           ~~~~~~~~~~~~~^^^^^^^^^^^^^^^^^^^^^^^^^^^^^^^^^^^^^^^^^^^^^^^^^^^^^^^^^^^^^^
  File "C:\Users\yasin\AppData\Roaming\Python\Python313\site-packages\ccxt\binance.py", line 11483, in request
    response = self.fetch2(path, api, method, params, headers, body, config)
  File "C:\Users\yasin\AppData\Roaming\Python\Python313\site-packages\ccxt\base\exchange.py", line 4355, in fetch2
    raise e
  File "C:\Users\yasin\AppData\Roaming\Python\Python313\site-packages\ccxt\base\exchange.py", line 4345, in fetch2
    return self.fetch(request['url'], request['method'], request['headers'], request['body'])
           ~~~~~~~~~~^^^^^^^^^^^^^^^^^^^^^^^^^^^^^^^^^^^^^^^^^^^^^^^^^^^^^^^^^^^^^^^^^^^^^^^^
  File "C:\Users\yasin\AppData\Roaming\Python\Python313\site-packages\ccxt\base\exchange.py", line 589, in fetch
    skip_further_error_handling = self.handle_errors(http_status_code, http_status_text, url, method, headers, http_response, json_response, request_headers, request_body)
  File "C:\Users\yasin\AppData\Roaming\Python\Python313\site-packages\ccxt\binance.py", line 11450, in handle_errors
    self.throw_exactly_matched_exception(self.get_exceptions_by_url(url, 'exact'), error, feedback)
    ~~~~~~~~~~~~~~~~~~~~~~~~~~~~~~~~~~~~^^^^^^^^^^^^^^^^^^^^^^^^^^^^^^^^^^^^^^^^^^^^^^^^^^^^^^^^^^^
  File "C:\Users\yasin\AppData\Roaming\Python\Python313\site-packages\ccxt\base\exchange.py", line 4748, in throw_exactly_matched_exception
    raise exact[string](message)
ccxt.base.errors.InsufficientFunds: binance {"code":-2019,"msg":"Margin is insufficient."}

[2025-06-01 08:43:51,705] [INFO] Signal Alert: ZEC/USDT - Score: 75.0/100 - Trend: long
[2025-06-01 08:43:51,706] [INFO] Balance - Total: $7.32 | Available: $7.32
[2025-06-01 08:43:52,228] [INFO] Dynamic Risk Levels for ZEC/USDT (Score: 75.0)
[2025-06-01 08:43:52,228] [INFO] ATR: 0.345714 | Current Price: 51.050000
[2025-06-01 08:43:52,228] [INFO] Stop Loss: 10.16% | Take Profit: 16.93%
[2025-06-01 08:43:52,486] [ERROR] Order placement error for ZEC/USDT: binance {"code":-2019,"msg":"Margin is insufficient."}
[2025-06-01 08:43:52,488] [ERROR] Traceback (most recent call last):
  File "C:\Users\yasin\AppData\Roaming\Python\Python313\site-packages\ccxt\base\exchange.py", line 573, in fetch
    response.raise_for_status()
    ~~~~~~~~~~~~~~~~~~~~~~~~~^^
  File "C:\Users\yasin\AppData\Roaming\Python\Python313\site-packages\requests\models.py", line 1021, in raise_for_status
    raise HTTPError(http_error_msg, response=self)
requests.exceptions.HTTPError: 400 Client Error: Bad Request for url: https://fapi.binance.com/fapi/v1/order

During handling of the above exception, another exception occurred:

Traceback (most recent call last):
  File "c:\Users\yasin\Desktop\BinanceBot\main.py", line 396, in place_order
    order = exchange.create_market_order(
        symbol=symbol,
    ...<2 lines>...
        params=params
    )
  File "C:\Users\yasin\AppData\Roaming\Python\Python313\site-packages\ccxt\base\exchange.py", line 5433, in create_market_order
    return self.create_order(symbol, 'market', side, amount, price, params)
           ~~~~~~~~~~~~~~~~~^^^^^^^^^^^^^^^^^^^^^^^^^^^^^^^^^^^^^^^^^^^^^^^
  File "C:\Users\yasin\AppData\Roaming\Python\Python313\site-packages\ccxt\binance.py", line 6200, in create_order
    response = self.fapiPrivatePostOrder(request)
  File "C:\Users\yasin\AppData\Roaming\Python\Python313\site-packages\ccxt\base\types.py", line 35, in unbound_method
    return _self.request(self.path, self.api, self.method, params, config=self.config)
           ~~~~~~~~~~~~~^^^^^^^^^^^^^^^^^^^^^^^^^^^^^^^^^^^^^^^^^^^^^^^^^^^^^^^^^^^^^^
  File "C:\Users\yasin\AppData\Roaming\Python\Python313\site-packages\ccxt\binance.py", line 11483, in request
    response = self.fetch2(path, api, method, params, headers, body, config)
  File "C:\Users\yasin\AppData\Roaming\Python\Python313\site-packages\ccxt\base\exchange.py", line 4355, in fetch2
    raise e
  File "C:\Users\yasin\AppData\Roaming\Python\Python313\site-packages\ccxt\base\exchange.py", line 4345, in fetch2
    return self.fetch(request['url'], request['method'], request['headers'], request['body'])
           ~~~~~~~~~~^^^^^^^^^^^^^^^^^^^^^^^^^^^^^^^^^^^^^^^^^^^^^^^^^^^^^^^^^^^^^^^^^^^^^^^^
  File "C:\Users\yasin\AppData\Roaming\Python\Python313\site-packages\ccxt\base\exchange.py", line 589, in fetch
    skip_further_error_handling = self.handle_errors(http_status_code, http_status_text, url, method, headers, http_response, json_response, request_headers, request_body)
  File "C:\Users\yasin\AppData\Roaming\Python\Python313\site-packages\ccxt\binance.py", line 11450, in handle_errors
    self.throw_exactly_matched_exception(self.get_exceptions_by_url(url, 'exact'), error, feedback)
    ~~~~~~~~~~~~~~~~~~~~~~~~~~~~~~~~~~~~^^^^^^^^^^^^^^^^^^^^^^^^^^^^^^^^^^^^^^^^^^^^^^^^^^^^^^^^^^^
  File "C:\Users\yasin\AppData\Roaming\Python\Python313\site-packages\ccxt\base\exchange.py", line 4748, in throw_exactly_matched_exception
    raise exact[string](message)
ccxt.base.errors.InsufficientFunds: binance {"code":-2019,"msg":"Margin is insufficient."}

[2025-06-01 11:04:16,296] [INFO] Dynamic stop loss hit: SEI/USDT (-9.77% <= -8.82%)
[2025-06-01 11:04:16,833] [INFO] [CLOSE POSITION] SEI/USDT - Type: LONG | Entry Price: 0.1944 | Exit Price: 0.1925 | PnL: -9.77% | Amount: 103.0
[2025-06-01 11:26:49,241] [INFO] Dynamic stop loss hit: HBAR/USDT (-9.74% <= -8.45%)
[2025-06-01 11:26:49,783] [INFO] [CLOSE POSITION] HBAR/USDT - Type: LONG | Entry Price: 0.16839 | Exit Price: 0.16675 | PnL: -9.74% | Amount: 125.0
[2025-06-01 14:46:14,941] [ERROR] Error calculating signal score for SAND/USDT: binance GET https://fapi.binance.com/fapi/v1/klines?interval=4h&limit=50&symbol=SANDUSDT
[2025-06-01 14:46:15,061] [ERROR] Traceback (most recent call last):
  File "C:\Users\yasin\AppData\Roaming\Python\Python313\site-packages\urllib3\connectionpool.py", line 787, in urlopen
    response = self._make_request(
        conn,
    ...<10 lines>...
        **response_kw,
    )
  File "C:\Users\yasin\AppData\Roaming\Python\Python313\site-packages\urllib3\connectionpool.py", line 534, in _make_request
    response = conn.getresponse()
  File "C:\Users\yasin\AppData\Roaming\Python\Python313\site-packages\urllib3\connection.py", line 516, in getresponse
    httplib_response = super().getresponse()
  File "C:\Python313\Lib\http\client.py", line 1428, in getresponse
    response.begin()
    ~~~~~~~~~~~~~~^^
  File "C:\Python313\Lib\http\client.py", line 331, in begin
    version, status, reason = self._read_status()
                              ~~~~~~~~~~~~~~~~~^^
  File "C:\Python313\Lib\http\client.py", line 292, in _read_status
    line = str(self.fp.readline(_MAXLINE + 1), "iso-8859-1")
               ~~~~~~~~~~~~~~~~^^^^^^^^^^^^^^
  File "C:\Python313\Lib\socket.py", line 719, in readinto
    return self._sock.recv_into(b)
           ~~~~~~~~~~~~~~~~~~~~^^^
  File "C:\Python313\Lib\ssl.py", line 1304, in recv_into
    return self.read(nbytes, buffer)
           ~~~~~~~~~^^^^^^^^^^^^^^^^
  File "C:\Python313\Lib\ssl.py", line 1138, in read
    return self._sslobj.read(len, buffer)
           ~~~~~~~~~~~~~~~~~^^^^^^^^^^^^^
ConnectionResetError: [WinError 10054] Varolan bir balant uzaktaki bir ana bilgisayar tarafndan zorla kapatld

During handling of the above exception, another exception occurred:

Traceback (most recent call last):
  File "C:\Users\yasin\AppData\Roaming\Python\Python313\site-packages\requests\adapters.py", line 486, in send
    resp = conn.urlopen(
        method=request.method,
    ...<9 lines>...
        chunked=chunked,
    )
  File "C:\Users\yasin\AppData\Roaming\Python\Python313\site-packages\urllib3\connectionpool.py", line 841, in urlopen
    retries = retries.increment(
        method, url, error=new_e, _pool=self, _stacktrace=sys.exc_info()[2]
    )
  File "C:\Users\yasin\AppData\Roaming\Python\Python313\site-packages\urllib3\util\retry.py", line 474, in increment
    raise reraise(type(error), error, _stacktrace)
          ~~~~~~~^^^^^^^^^^^^^^^^^^^^^^^^^^^^^^^^^
  File "C:\Users\yasin\AppData\Roaming\Python\Python313\site-packages\urllib3\util\util.py", line 38, in reraise
    raise value.with_traceback(tb)
  File "C:\Users\yasin\AppData\Roaming\Python\Python313\site-packages\urllib3\connectionpool.py", line 787, in urlopen
    response = self._make_request(
        conn,
    ...<10 lines>...
        **response_kw,
    )
  File "C:\Users\yasin\AppData\Roaming\Python\Python313\site-packages\urllib3\connectionpool.py", line 534, in _make_request
    response = conn.getresponse()
  File "C:\Users\yasin\AppData\Roaming\Python\Python313\site-packages\urllib3\connection.py", line 516, in getresponse
    httplib_response = super().getresponse()
  File "C:\Python313\Lib\http\client.py", line 1428, in getresponse
    response.begin()
    ~~~~~~~~~~~~~~^^
  File "C:\Python313\Lib\http\client.py", line 331, in begin
    version, status, reason = self._read_status()
                              ~~~~~~~~~~~~~~~~~^^
  File "C:\Python313\Lib\http\client.py", line 292, in _read_status
    line = str(self.fp.readline(_MAXLINE + 1), "iso-8859-1")
               ~~~~~~~~~~~~~~~~^^^^^^^^^^^^^^
  File "C:\Python313\Lib\socket.py", line 719, in readinto
    return self._sock.recv_into(b)
           ~~~~~~~~~~~~~~~~~~~~^^^
  File "C:\Python313\Lib\ssl.py", line 1304, in recv_into
    return self.read(nbytes, buffer)
           ~~~~~~~~~^^^^^^^^^^^^^^^^
  File "C:\Python313\Lib\ssl.py", line 1138, in read
    return self._sslobj.read(len, buffer)
           ~~~~~~~~~~~~~~~~~^^^^^^^^^^^^^
urllib3.exceptions.ProtocolError: ('Connection aborted.', ConnectionResetError(10054, 'Varolan bir balant uzaktaki bir ana bilgisayar tarafndan zorla kapatld', None, 10054, None))

During handling of the above exception, another exception occurred:

Traceback (most recent call last):
  File "C:\Users\yasin\AppData\Roaming\Python\Python313\site-packages\ccxt\base\exchange.py", line 547, in fetch
    response = self.session.request(
        method,
    ...<5 lines>...
        verify=self.verify and self.validateServerSsl
    )
  File "C:\Users\yasin\AppData\Roaming\Python\Python313\site-packages\requests\sessions.py", line 589, in request
    resp = self.send(prep, **send_kwargs)
  File "C:\Users\yasin\AppData\Roaming\Python\Python313\site-packages\requests\sessions.py", line 703, in send
    r = adapter.send(request, **kwargs)
  File "C:\Users\yasin\AppData\Roaming\Python\Python313\site-packages\requests\adapters.py", line 501, in send
    raise ConnectionError(err, request=request)
requests.exceptions.ConnectionError: ('Connection aborted.', ConnectionResetError(10054, 'Varolan bir balant uzaktaki bir ana bilgisayar tarafndan zorla kapatld', None, 10054, None))

The above exception was the direct cause of the following exception:

Traceback (most recent call last):
  File "c:\Users\yasin\Desktop\BinanceBot\main.py", line 227, in calculate_total_signal_score
    mtf_score, trend_alignment, all_aligned = calculate_multi_timeframe_score(exchange, symbol)
                                              ~~~~~~~~~~~~~~~~~~~~~~~~~~~~~~~^^^^^^^^^^^^^^^^^^
  File "c:\Users\yasin\Desktop\BinanceBot\strategies\multi_timeframe.py", line 29, in calculate_multi_timeframe_score
    df_4h = pd.DataFrame(exchange.fetch_ohlcv(symbol, timeframe='4h', limit=50),
                         ~~~~~~~~~~~~~~~~~~~~^^^^^^^^^^^^^^^^^^^^^^^^^^^^^^^^^^
  File "C:\Users\yasin\AppData\Roaming\Python\Python313\site-packages\ccxt\binance.py", line 4687, in fetch_ohlcv
    response = self.fapiPublicGetKlines(self.extend(request, params))
  File "C:\Users\yasin\AppData\Roaming\Python\Python313\site-packages\ccxt\base\types.py", line 35, in unbound_method
    return _self.request(self.path, self.api, self.method, params, config=self.config)
           ~~~~~~~~~~~~~^^^^^^^^^^^^^^^^^^^^^^^^^^^^^^^^^^^^^^^^^^^^^^^^^^^^^^^^^^^^^^
  File "C:\Users\yasin\AppData\Roaming\Python\Python313\site-packages\ccxt\binance.py", line 11483, in request
    response = self.fetch2(path, api, method, params, headers, body, config)
  File "C:\Users\yasin\AppData\Roaming\Python\Python313\site-packages\ccxt\base\exchange.py", line 4355, in fetch2
    raise e
  File "C:\Users\yasin\AppData\Roaming\Python\Python313\site-packages\ccxt\base\exchange.py", line 4345, in fetch2
    return self.fetch(request['url'], request['method'], request['headers'], request['body'])
           ~~~~~~~~~~^^^^^^^^^^^^^^^^^^^^^^^^^^^^^^^^^^^^^^^^^^^^^^^^^^^^^^^^^^^^^^^^^^^^^^^^
  File "C:\Users\yasin\AppData\Roaming\Python\Python313\site-packages\ccxt\base\exchange.py", line 600, in fetch
    raise NetworkError(details) from e
ccxt.base.errors.NetworkError: binance GET https://fapi.binance.com/fapi/v1/klines?interval=4h&limit=50&symbol=SANDUSDT

[2025-06-01 14:46:15,075] [ERROR] OHLCV data fetch error (GALA/USDT): binance GET https://fapi.binance.com/fapi/v1/klines?interval=15m&limit=100&symbol=GALAUSDT
[2025-06-01 14:46:15,173] [ERROR] OHLCV data fetch error (IOTA/USDT): binance GET https://fapi.binance.com/fapi/v1/klines?interval=15m&limit=100&symbol=IOTAUSDT
[2025-06-01 14:46:15,277] [ERROR] OHLCV data fetch error (KAIA/USDT): binance GET https://fapi.binance.com/fapi/v1/klines?interval=15m&limit=100&symbol=KAIAUSDT
[2025-06-01 14:46:15,374] [ERROR] OHLCV data fetch error (WAL/USDT): binance GET https://fapi.binance.com/fapi/v1/klines?interval=15m&limit=100&symbol=WALUSDT
[2025-06-01 14:46:15,473] [ERROR] OHLCV data fetch error (CAKE/USDT): binance GET https://fapi.binance.com/fapi/v1/klines?interval=15m&limit=100&symbol=CAKEUSDT
[2025-06-01 14:46:15,574] [ERROR] OHLCV data fetch error (BSV/USDT): binance GET https://fapi.binance.com/fapi/v1/klines?interval=15m&limit=100&symbol=BSVUSDT
[2025-06-01 14:46:15,674] [ERROR] OHLCV data fetch error (FLOW/USDT): binance GET https://fapi.binance.com/fapi/v1/klines?interval=15m&limit=100&symbol=FLOWUSDT
[2025-06-01 14:46:15,776] [ERROR] OHLCV data fetch error (RAY/USDT): binance GET https://fapi.binance.com/fapi/v1/klines?interval=15m&limit=100&symbol=RAYUSDT
[2025-06-01 14:46:15,904] [ERROR] OHLCV data fetch error (JTO/USDT): binance GET https://fapi.binance.com/fapi/v1/klines?interval=15m&limit=100&symbol=JTOUSDT
[2025-06-01 14:46:15,978] [ERROR] OHLCV data fetch error (XTZ/USDT): binance GET https://fapi.binance.com/fapi/v1/klines?interval=15m&limit=100&symbol=XTZUSDT
[2025-06-01 14:46:16,077] [ERROR] OHLCV data fetch error (PENDLE/USDT): binance GET https://fapi.binance.com/fapi/v1/klines?interval=15m&limit=100&symbol=PENDLEUSDT
[2025-06-01 14:46:16,178] [ERROR] OHLCV data fetch error (ZEC/USDT): binance GET https://fapi.binance.com/fapi/v1/klines?interval=15m&limit=100&symbol=ZECUSDT
[2025-06-01 14:46:16,279] [ERROR] OHLCV data fetch error (MANA/USDT): binance GET https://fapi.binance.com/fapi/v1/klines?interval=15m&limit=100&symbol=MANAUSDT
[2025-06-01 14:46:16,378] [ERROR] OHLCV data fetch error (SPX/USDT): binance GET https://fapi.binance.com/fapi/v1/klines?interval=15m&limit=100&symbol=SPXUSDT
[2025-06-01 14:46:16,479] [ERROR] OHLCV data fetch error (PYTH/USDT): binance GET https://fapi.binance.com/fapi/v1/klines?interval=15m&limit=100&symbol=PYTHUSDT
[2025-06-01 14:46:16,579] [ERROR] OHLCV data fetch error (ENS/USDT): binance GET https://fapi.binance.com/fapi/v1/klines?interval=15m&limit=100&symbol=ENSUSDT
[2025-06-01 14:46:16,679] [ERROR] OHLCV data fetch error (KAVA/USDT): binance GET https://fapi.binance.com/fapi/v1/klines?interval=15m&limit=100&symbol=KAVAUSDT
[2025-06-01 14:46:16,782] [ERROR] OHLCV data fetch error (WIF/USDT): binance GET https://fapi.binance.com/fapi/v1/klines?interval=15m&limit=100&symbol=WIFUSDT
[2025-06-01 14:46:16,890] [ERROR] OHLCV data fetch error (DYDX/USDT): binance GET https://fapi.binance.com/fapi/v1/klines?interval=15m&limit=100&symbol=DYDXUSDT
[2025-06-01 14:46:16,982] [ERROR] OHLCV data fetch error (BERA/USDT): binance GET https://fapi.binance.com/fapi/v1/klines?interval=15m&limit=100&symbol=BERAUSDT
[2025-06-01 14:46:17,082] [ERROR] OHLCV data fetch error (DOGE/USDT): binance GET https://fapi.binance.com/fapi/v1/klines?interval=15m&limit=100&symbol=DOGEUSDT
[2025-06-01 14:46:17,184] [ERROR] OHLCV data fetch error (GRASS/USDT): binance GET https://fapi.binance.com/fapi/v1/klines?interval=15m&limit=100&symbol=GRASSUSDT
[2025-06-01 15:16:41,767] [ERROR] Error calculating signal score for LTC/USDT: binance GET https://fapi.binance.com/fapi/v1/klines?interval=1h&limit=50&symbol=LTCUSDT
[2025-06-01 15:16:41,826] [ERROR] Traceback (most recent call last):
  File "C:\Users\yasin\AppData\Roaming\Python\Python313\site-packages\urllib3\connectionpool.py", line 534, in _make_request
    response = conn.getresponse()
  File "C:\Users\yasin\AppData\Roaming\Python\Python313\site-packages\urllib3\connection.py", line 516, in getresponse
    httplib_response = super().getresponse()
  File "C:\Python313\Lib\http\client.py", line 1428, in getresponse
    response.begin()
    ~~~~~~~~~~~~~~^^
  File "C:\Python313\Lib\http\client.py", line 331, in begin
    version, status, reason = self._read_status()
                              ~~~~~~~~~~~~~~~~~^^
  File "C:\Python313\Lib\http\client.py", line 292, in _read_status
    line = str(self.fp.readline(_MAXLINE + 1), "iso-8859-1")
               ~~~~~~~~~~~~~~~~^^^^^^^^^^^^^^
  File "C:\Python313\Lib\socket.py", line 719, in readinto
    return self._sock.recv_into(b)
           ~~~~~~~~~~~~~~~~~~~~^^^
  File "C:\Python313\Lib\ssl.py", line 1304, in recv_into
    return self.read(nbytes, buffer)
           ~~~~~~~~~^^^^^^^^^^^^^^^^
  File "C:\Python313\Lib\ssl.py", line 1138, in read
    return self._sslobj.read(len, buffer)
           ~~~~~~~~~~~~~~~~~^^^^^^^^^^^^^
TimeoutError: The read operation timed out

The above exception was the direct cause of the following exception:

Traceback (most recent call last):
  File "C:\Users\yasin\AppData\Roaming\Python\Python313\site-packages\requests\adapters.py", line 486, in send
    resp = conn.urlopen(
        method=request.method,
    ...<9 lines>...
        chunked=chunked,
    )
  File "C:\Users\yasin\AppData\Roaming\Python\Python313\site-packages\urllib3\connectionpool.py", line 841, in urlopen
    retries = retries.increment(
        method, url, error=new_e, _pool=self, _stacktrace=sys.exc_info()[2]
    )
  File "C:\Users\yasin\AppData\Roaming\Python\Python313\site-packages\urllib3\util\retry.py", line 474, in increment
    raise reraise(type(error), error, _stacktrace)
          ~~~~~~~^^^^^^^^^^^^^^^^^^^^^^^^^^^^^^^^^
  File "C:\Users\yasin\AppData\Roaming\Python\Python313\site-packages\urllib3\util\util.py", line 39, in reraise
    raise value
  File "C:\Users\yasin\AppData\Roaming\Python\Python313\site-packages\urllib3\connectionpool.py", line 787, in urlopen
    response = self._make_request(
        conn,
    ...<10 lines>...
        **response_kw,
    )
  File "C:\Users\yasin\AppData\Roaming\Python\Python313\site-packages\urllib3\connectionpool.py", line 536, in _make_request
    self._raise_timeout(err=e, url=url, timeout_value=read_timeout)
    ~~~~~~~~~~~~~~~~~~~^^^^^^^^^^^^^^^^^^^^^^^^^^^^^^^^^^^^^^^^^^^^
  File "C:\Users\yasin\AppData\Roaming\Python\Python313\site-packages\urllib3\connectionpool.py", line 367, in _raise_timeout
    raise ReadTimeoutError(
        self, url, f"Read timed out. (read timeout={timeout_value})"
    ) from err
urllib3.exceptions.ReadTimeoutError: HTTPSConnectionPool(host='fapi.binance.com', port=443): Read timed out. (read timeout=10.0)

During handling of the above exception, another exception occurred:

Traceback (most recent call last):
  File "C:\Users\yasin\AppData\Roaming\Python\Python313\site-packages\ccxt\base\exchange.py", line 547, in fetch
    response = self.session.request(
        method,
    ...<5 lines>...
        verify=self.verify and self.validateServerSsl
    )
  File "C:\Users\yasin\AppData\Roaming\Python\Python313\site-packages\requests\sessions.py", line 589, in request
    resp = self.send(prep, **send_kwargs)
  File "C:\Users\yasin\AppData\Roaming\Python\Python313\site-packages\requests\sessions.py", line 703, in send
    r = adapter.send(request, **kwargs)
  File "C:\Users\yasin\AppData\Roaming\Python\Python313\site-packages\requests\adapters.py", line 532, in send
    raise ReadTimeout(e, request=request)
requests.exceptions.ReadTimeout: HTTPSConnectionPool(host='fapi.binance.com', port=443): Read timed out. (read timeout=10.0)

The above exception was the direct cause of the following exception:

Traceback (most recent call last):
  File "c:\Users\yasin\Desktop\BinanceBot\main.py", line 227, in calculate_total_signal_score
    mtf_score, trend_alignment, all_aligned = calculate_multi_timeframe_score(exchange, symbol)
                                              ~~~~~~~~~~~~~~~~~~~~~~~~~~~~~~~^^^^^^^^^^^^^^^^^^
  File "c:\Users\yasin\Desktop\BinanceBot\strategies\multi_timeframe.py", line 21, in calculate_multi_timeframe_score
    df_1h = pd.DataFrame(exchange.fetch_ohlcv(symbol, timeframe='1h', limit=50),
                         ~~~~~~~~~~~~~~~~~~~~^^^^^^^^^^^^^^^^^^^^^^^^^^^^^^^^^^
  File "C:\Users\yasin\AppData\Roaming\Python\Python313\site-packages\ccxt\binance.py", line 4687, in fetch_ohlcv
    response = self.fapiPublicGetKlines(self.extend(request, params))
  File "C:\Users\yasin\AppData\Roaming\Python\Python313\site-packages\ccxt\base\types.py", line 35, in unbound_method
    return _self.request(self.path, self.api, self.method, params, config=self.config)
           ~~~~~~~~~~~~~^^^^^^^^^^^^^^^^^^^^^^^^^^^^^^^^^^^^^^^^^^^^^^^^^^^^^^^^^^^^^^
  File "C:\Users\yasin\AppData\Roaming\Python\Python313\site-packages\ccxt\binance.py", line 11483, in request
    response = self.fetch2(path, api, method, params, headers, body, config)
  File "C:\Users\yasin\AppData\Roaming\Python\Python313\site-packages\ccxt\base\exchange.py", line 4355, in fetch2
    raise e
  File "C:\Users\yasin\AppData\Roaming\Python\Python313\site-packages\ccxt\base\exchange.py", line 4345, in fetch2
    return self.fetch(request['url'], request['method'], request['headers'], request['body'])
           ~~~~~~~~~~^^^^^^^^^^^^^^^^^^^^^^^^^^^^^^^^^^^^^^^^^^^^^^^^^^^^^^^^^^^^^^^^^^^^^^^^
  File "C:\Users\yasin\AppData\Roaming\Python\Python313\site-packages\ccxt\base\exchange.py", line 577, in fetch
    raise RequestTimeout(details) from e
ccxt.base.errors.RequestTimeout: binance GET https://fapi.binance.com/fapi/v1/klines?interval=1h&limit=50&symbol=LTCUSDT

[2025-06-01 15:16:41,834] [ERROR] OHLCV data fetch error (DOT/USDT): binance GET https://fapi.binance.com/fapi/v1/klines?interval=15m&limit=100&symbol=DOTUSDT
[2025-06-01 15:16:41,934] [ERROR] OHLCV data fetch error (XMR/USDT): binance GET https://fapi.binance.com/fapi/v1/klines?interval=15m&limit=100&symbol=XMRUSDT
[2025-06-01 15:16:44,356] [ERROR] OHLCV data fetch error (UNI/USDT): binance GET https://fapi.binance.com/fapi/v1/klines?interval=15m&limit=100&symbol=UNIUSDT
[2025-06-01 15:16:44,359] [ERROR] OHLCV data fetch error (APT/USDT): binance GET https://fapi.binance.com/fapi/v1/klines?interval=15m&limit=100&symbol=APTUSDT
[2025-06-01 15:16:44,459] [ERROR] OHLCV data fetch error (ONDO/USDT): binance GET https://fapi.binance.com/fapi/v1/klines?interval=15m&limit=100&symbol=ONDOUSDT
[2025-06-01 15:16:44,560] [ERROR] OHLCV data fetch error (NEAR/USDT): binance GET https://fapi.binance.com/fapi/v1/klines?interval=15m&limit=100&symbol=NEARUSDT
[2025-06-01 15:16:44,663] [ERROR] OHLCV data fetch error (ICP/USDT): binance GET https://fapi.binance.com/fapi/v1/klines?interval=15m&limit=100&symbol=ICPUSDT
[2025-06-01 15:16:44,761] [ERROR] OHLCV data fetch error (ETC/USDT): binance GET https://fapi.binance.com/fapi/v1/klines?interval=15m&limit=100&symbol=ETCUSDT
[2025-06-01 15:16:44,862] [ERROR] OHLCV data fetch error (AAVE/USDT): binance GET https://fapi.binance.com/fapi/v1/klines?interval=15m&limit=100&symbol=AAVEUSDT
[2025-06-01 15:16:44,984] [ERROR] OHLCV data fetch error (TAO/USDT): binance GET https://fapi.binance.com/fapi/v1/klines?interval=15m&limit=100&symbol=TAOUSDT
[2025-06-01 15:16:45,065] [ERROR] OHLCV data fetch error (VET/USDT): binance GET https://fapi.binance.com/fapi/v1/klines?interval=15m&limit=100&symbol=VETUSDT
[2025-06-01 15:16:45,164] [ERROR] OHLCV data fetch error (RENDER/USDT): binance GET https://fapi.binance.com/fapi/v1/klines?interval=15m&limit=100&symbol=RENDERUSDT
[2025-06-01 15:16:45,264] [ERROR] OHLCV data fetch error (KAS/USDT): binance GET https://fapi.binance.com/fapi/v1/klines?interval=15m&limit=100&symbol=KASUSDT
[2025-06-01 15:16:45,367] [ERROR] OHLCV data fetch error (ATOM/USDT): binance GET https://fapi.binance.com/fapi/v1/klines?interval=15m&limit=100&symbol=ATOMUSDT
[2025-06-01 15:16:45,480] [ERROR] OHLCV data fetch error (ENA/USDT): binance GET https://fapi.binance.com/fapi/v1/klines?interval=15m&limit=100&symbol=ENAUSDT
[2025-06-01 15:16:45,567] [ERROR] OHLCV data fetch error (TRUMP/USDT): binance GET https://fapi.binance.com/fapi/v1/klines?interval=15m&limit=100&symbol=TRUMPUSDT
[2025-06-01 15:16:45,667] [ERROR] OHLCV data fetch error (FIL/USDT): binance GET https://fapi.binance.com/fapi/v1/klines?interval=15m&limit=100&symbol=FILUSDT
[2025-06-01 15:16:45,767] [ERROR] OHLCV data fetch error (POL/USDT): binance GET https://fapi.binance.com/fapi/v1/klines?interval=15m&limit=100&symbol=POLUSDT
[2025-06-01 15:16:45,867] [ERROR] OHLCV data fetch error (ALGO/USDT): binance GET https://fapi.binance.com/fapi/v1/klines?interval=15m&limit=100&symbol=ALGOUSDT
[2025-06-01 15:16:45,970] [ERROR] OHLCV data fetch error (S/USDT): binance GET https://fapi.binance.com/fapi/v1/klines?interval=15m&limit=100&symbol=SUSDT
[2025-06-01 15:16:46,071] [ERROR] OHLCV data fetch error (TIA/USDT): binance GET https://fapi.binance.com/fapi/v1/klines?interval=15m&limit=100&symbol=TIAUSDT
[2025-06-01 15:16:46,168] [ERROR] OHLCV data fetch error (ARB/USDT): binance GET https://fapi.binance.com/fapi/v1/klines?interval=15m&limit=100&symbol=ARBUSDT
[2025-06-01 15:16:46,268] [ERROR] OHLCV data fetch error (FET/USDT): binance GET https://fapi.binance.com/fapi/v1/klines?interval=15m&limit=100&symbol=FETUSDT
[2025-06-01 15:16:46,367] [ERROR] OHLCV data fetch error (MKR/USDT): binance GET https://fapi.binance.com/fapi/v1/klines?interval=15m&limit=100&symbol=MKRUSDT
[2025-06-01 15:16:46,468] [ERROR] OHLCV data fetch error (OM/USDT): binance GET https://fapi.binance.com/fapi/v1/klines?interval=15m&limit=100&symbol=OMUSDT
[2025-06-01 15:16:46,569] [ERROR] OHLCV data fetch error (OP/USDT): binance GET https://fapi.binance.com/fapi/v1/klines?interval=15m&limit=100&symbol=OPUSDT
[2025-06-01 15:16:46,669] [ERROR] OHLCV data fetch error (JUP/USDT): binance GET https://fapi.binance.com/fapi/v1/klines?interval=15m&limit=100&symbol=JUPUSDT
[2025-06-01 15:16:46,770] [ERROR] OHLCV data fetch error (IP/USDT): binance GET https://fapi.binance.com/fapi/v1/klines?interval=15m&limit=100&symbol=IPUSDT
[2025-06-01 15:16:46,871] [ERROR] OHLCV data fetch error (QNT/USDT): binance GET https://fapi.binance.com/fapi/v1/klines?interval=15m&limit=100&symbol=QNTUSDT
[2025-06-01 15:16:46,971] [ERROR] OHLCV data fetch error (STX/USDT): binance GET https://fapi.binance.com/fapi/v1/klines?interval=15m&limit=100&symbol=STXUSDT
[2025-06-01 15:16:47,072] [ERROR] OHLCV data fetch error (WLD/USDT): binance GET https://fapi.binance.com/fapi/v1/klines?interval=15m&limit=100&symbol=WLDUSDT
[2025-06-01 15:16:47,172] [ERROR] OHLCV data fetch error (DEXE/USDT): binance GET https://fapi.binance.com/fapi/v1/klines?interval=15m&limit=100&symbol=DEXEUSDT
[2025-06-01 15:16:47,277] [ERROR] OHLCV data fetch error (SEI/USDT): binance GET https://fapi.binance.com/fapi/v1/klines?interval=15m&limit=100&symbol=SEIUSDT
[2025-06-01 15:16:47,373] [ERROR] OHLCV data fetch error (FARTCOIN/USDT): binance GET https://fapi.binance.com/fapi/v1/klines?interval=15m&limit=100&symbol=FARTCOINUSDT
[2025-06-01 15:16:47,473] [ERROR] OHLCV data fetch error (CRV/USDT): binance GET https://fapi.binance.com/fapi/v1/klines?interval=15m&limit=100&symbol=CRVUSDT
[2025-06-01 15:16:47,575] [ERROR] OHLCV data fetch error (INJ/USDT): binance GET https://fapi.binance.com/fapi/v1/klines?interval=15m&limit=100&symbol=INJUSDT
[2025-06-01 15:16:47,674] [ERROR] OHLCV data fetch error (GRT/USDT): binance GET https://fapi.binance.com/fapi/v1/klines?interval=15m&limit=100&symbol=GRTUSDT
[2025-06-01 15:16:47,775] [ERROR] OHLCV data fetch error (JASMY/USDT): binance GET https://fapi.binance.com/fapi/v1/klines?interval=15m&limit=100&symbol=JASMYUSDT
[2025-06-01 15:16:47,878] [ERROR] OHLCV data fetch error (MOVE/USDT): binance GET https://fapi.binance.com/fapi/v1/klines?interval=15m&limit=100&symbol=MOVEUSDT
[2025-06-01 15:16:47,977] [ERROR] OHLCV data fetch error (IMX/USDT): binance GET https://fapi.binance.com/fapi/v1/klines?interval=15m&limit=100&symbol=IMXUSDT
[2025-06-01 15:16:48,079] [ERROR] OHLCV data fetch error (PAXG/USDT): binance GET https://fapi.binance.com/fapi/v1/klines?interval=15m&limit=100&symbol=PAXGUSDT
[2025-06-01 15:16:48,177] [ERROR] OHLCV data fetch error (THETA/USDT): binance GET https://fapi.binance.com/fapi/v1/klines?interval=15m&limit=100&symbol=THETAUSDT
[2025-06-01 15:16:48,278] [ERROR] OHLCV data fetch error (XCN/USDT): binance GET https://fapi.binance.com/fapi/v1/klines?interval=15m&limit=100&symbol=XCNUSDT
[2025-06-01 15:16:48,378] [ERROR] OHLCV data fetch error (LDO/USDT): binance GET https://fapi.binance.com/fapi/v1/klines?interval=15m&limit=100&symbol=LDOUSDT
[2025-06-01 15:16:48,479] [ERROR] OHLCV data fetch error (SAND/USDT): binance GET https://fapi.binance.com/fapi/v1/klines?interval=15m&limit=100&symbol=SANDUSDT
[2025-06-01 15:16:48,578] [ERROR] OHLCV data fetch error (GALA/USDT): binance GET https://fapi.binance.com/fapi/v1/klines?interval=15m&limit=100&symbol=GALAUSDT
[2025-06-01 15:16:48,680] [ERROR] OHLCV data fetch error (IOTA/USDT): binance GET https://fapi.binance.com/fapi/v1/klines?interval=15m&limit=100&symbol=IOTAUSDT
[2025-06-01 15:16:48,780] [ERROR] OHLCV data fetch error (KAIA/USDT): binance GET https://fapi.binance.com/fapi/v1/klines?interval=15m&limit=100&symbol=KAIAUSDT
[2025-06-01 15:16:48,880] [ERROR] OHLCV data fetch error (WAL/USDT): binance GET https://fapi.binance.com/fapi/v1/klines?interval=15m&limit=100&symbol=WALUSDT
[2025-06-01 15:16:48,979] [ERROR] OHLCV data fetch error (CAKE/USDT): binance GET https://fapi.binance.com/fapi/v1/klines?interval=15m&limit=100&symbol=CAKEUSDT
[2025-06-01 15:16:49,078] [ERROR] OHLCV data fetch error (BSV/USDT): binance GET https://fapi.binance.com/fapi/v1/klines?interval=15m&limit=100&symbol=BSVUSDT
[2025-06-01 15:16:49,181] [ERROR] OHLCV data fetch error (FLOW/USDT): binance GET https://fapi.binance.com/fapi/v1/klines?interval=15m&limit=100&symbol=FLOWUSDT
[2025-06-01 15:16:49,281] [ERROR] OHLCV data fetch error (RAY/USDT): binance GET https://fapi.binance.com/fapi/v1/klines?interval=15m&limit=100&symbol=RAYUSDT
[2025-06-01 15:16:49,382] [ERROR] OHLCV data fetch error (JTO/USDT): binance GET https://fapi.binance.com/fapi/v1/klines?interval=15m&limit=100&symbol=JTOUSDT
[2025-06-01 15:16:49,480] [ERROR] OHLCV data fetch error (XTZ/USDT): binance GET https://fapi.binance.com/fapi/v1/klines?interval=15m&limit=100&symbol=XTZUSDT
[2025-06-01 15:16:49,583] [ERROR] OHLCV data fetch error (PENDLE/USDT): binance GET https://fapi.binance.com/fapi/v1/klines?interval=15m&limit=100&symbol=PENDLEUSDT
[2025-06-01 15:16:49,681] [ERROR] OHLCV data fetch error (ZEC/USDT): binance GET https://fapi.binance.com/fapi/v1/klines?interval=15m&limit=100&symbol=ZECUSDT
[2025-06-01 15:16:49,781] [ERROR] OHLCV data fetch error (MANA/USDT): binance GET https://fapi.binance.com/fapi/v1/klines?interval=15m&limit=100&symbol=MANAUSDT
[2025-06-01 15:16:49,882] [ERROR] OHLCV data fetch error (SPX/USDT): binance GET https://fapi.binance.com/fapi/v1/klines?interval=15m&limit=100&symbol=SPXUSDT
[2025-06-01 15:16:49,983] [ERROR] OHLCV data fetch error (PYTH/USDT): binance GET https://fapi.binance.com/fapi/v1/klines?interval=15m&limit=100&symbol=PYTHUSDT
[2025-06-01 15:16:50,084] [ERROR] OHLCV data fetch error (ENS/USDT): binance GET https://fapi.binance.com/fapi/v1/klines?interval=15m&limit=100&symbol=ENSUSDT
[2025-06-01 15:16:50,184] [ERROR] OHLCV data fetch error (KAVA/USDT): binance GET https://fapi.binance.com/fapi/v1/klines?interval=15m&limit=100&symbol=KAVAUSDT
[2025-06-01 15:16:50,285] [ERROR] OHLCV data fetch error (WIF/USDT): binance GET https://fapi.binance.com/fapi/v1/klines?interval=15m&limit=100&symbol=WIFUSDT
[2025-06-01 15:16:50,386] [ERROR] OHLCV data fetch error (DYDX/USDT): binance GET https://fapi.binance.com/fapi/v1/klines?interval=15m&limit=100&symbol=DYDXUSDT
[2025-06-01 15:16:50,487] [ERROR] OHLCV data fetch error (BERA/USDT): binance GET https://fapi.binance.com/fapi/v1/klines?interval=15m&limit=100&symbol=BERAUSDT
[2025-06-01 15:16:50,586] [ERROR] OHLCV data fetch error (DOGE/USDT): binance GET https://fapi.binance.com/fapi/v1/klines?interval=15m&limit=100&symbol=DOGEUSDT
[2025-06-01 15:16:50,688] [ERROR] OHLCV data fetch error (GRASS/USDT): binance GET https://fapi.binance.com/fapi/v1/klines?interval=15m&limit=100&symbol=GRASSUSDT
[2025-06-01 15:16:50,787] [ERROR] OHLCV data fetch error (LAYER/USDT): binance GET https://fapi.binance.com/fapi/v1/klines?interval=15m&limit=100&symbol=LAYERUSDT
[2025-06-01 15:16:50,888] [ERROR] OHLCV data fetch error (RSR/USDT): binance GET https://fapi.binance.com/fapi/v1/klines?interval=15m&limit=100&symbol=RSRUSDT
[2025-06-01 15:16:50,988] [ERROR] OHLCV data fetch error (RUNE/USDT): binance GET https://fapi.binance.com/fapi/v1/klines?interval=15m&limit=100&symbol=RUNEUSDT
[2025-06-01 15:16:51,088] [ERROR] OHLCV data fetch error (EGLD/USDT): binance GET https://fapi.binance.com/fapi/v1/klines?interval=15m&limit=100&symbol=EGLDUSDT
[2025-06-01 15:16:51,191] [ERROR] OHLCV data fetch error (NEO/USDT): binance GET https://fapi.binance.com/fapi/v1/klines?interval=15m&limit=100&symbol=NEOUSDT
[2025-06-01 15:16:51,288] [ERROR] OHLCV data fetch error (COMP/USDT): binance GET https://fapi.binance.com/fapi/v1/klines?interval=15m&limit=100&symbol=COMPUSDT
[2025-06-01 15:16:51,388] [ERROR] OHLCV data fetch error (AXS/USDT): binance GET https://fapi.binance.com/fapi/v1/klines?interval=15m&limit=100&symbol=AXSUSDT
[2025-06-01 15:16:51,489] [ERROR] OHLCV data fetch error (STRK/USDT): binance GET https://fapi.binance.com/fapi/v1/klines?interval=15m&limit=100&symbol=STRKUSDT
[2025-06-01 15:16:51,593] [ERROR] OHLCV data fetch error (CFX/USDT): binance GET https://fapi.binance.com/fapi/v1/klines?interval=15m&limit=100&symbol=CFXUSDT
[2025-06-01 15:16:51,690] [ERROR] OHLCV data fetch error (CHZ/USDT): binance GET https://fapi.binance.com/fapi/v1/klines?interval=15m&limit=100&symbol=CHZUSDT
[2025-06-01 15:16:51,789] [ERROR] OHLCV data fetch error (VIRTUAL/USDT): binance GET https://fapi.binance.com/fapi/v1/klines?interval=15m&limit=100&symbol=VIRTUALUSDT
[2025-06-01 15:16:51,889] [ERROR] OHLCV data fetch error (AR/USDT): binance GET https://fapi.binance.com/fapi/v1/klines?interval=15m&limit=100&symbol=ARUSDT
[2025-06-01 15:16:51,990] [ERROR] OHLCV data fetch error (AERO/USDT): binance GET https://fapi.binance.com/fapi/v1/klines?interval=15m&limit=100&symbol=AEROUSDT
[2025-06-01 15:16:52,102] [ERROR] OHLCV data fetch error (APE/USDT): binance GET https://fapi.binance.com/fapi/v1/klines?interval=15m&limit=100&symbol=APEUSDT
[2025-06-01 15:17:30,649] [ERROR] OHLCV data fetch error (BTC/USDT): binance GET https://fapi.binance.com/fapi/v1/klines?interval=15m&limit=100&symbol=BTCUSDT
[2025-06-01 15:17:30,672] [ERROR] OHLCV data fetch error (ETH/USDT): binance GET https://fapi.binance.com/fapi/v1/klines?interval=15m&limit=100&symbol=ETHUSDT
[2025-06-01 15:17:30,806] [ERROR] OHLCV data fetch error (XRP/USDT): binance GET https://fapi.binance.com/fapi/v1/klines?interval=15m&limit=100&symbol=XRPUSDT
[2025-06-01 15:17:30,871] [ERROR] OHLCV data fetch error (BNB/USDT): binance GET https://fapi.binance.com/fapi/v1/klines?interval=15m&limit=100&symbol=BNBUSDT
[2025-06-01 15:17:30,992] [ERROR] OHLCV data fetch error (SOL/USDT): binance GET https://fapi.binance.com/fapi/v1/klines?interval=15m&limit=100&symbol=SOLUSDT
[2025-06-01 15:17:31,075] [ERROR] OHLCV data fetch error (DOGE/USDT): binance GET https://fapi.binance.com/fapi/v1/klines?interval=15m&limit=100&symbol=DOGEUSDT
[2025-06-01 15:17:31,175] [ERROR] OHLCV data fetch error (TRX/USDT): binance GET https://fapi.binance.com/fapi/v1/klines?interval=15m&limit=100&symbol=TRXUSDT
[2025-06-01 15:17:31,284] [ERROR] OHLCV data fetch error (ADA/USDT): binance GET https://fapi.binance.com/fapi/v1/klines?interval=15m&limit=100&symbol=ADAUSDT
[2025-06-01 15:17:31,375] [ERROR] OHLCV data fetch error (AVAX/USDT): binance GET https://fapi.binance.com/fapi/v1/klines?interval=15m&limit=100&symbol=AVAXUSDT
[2025-06-01 15:17:31,475] [ERROR] OHLCV data fetch error (LINK/USDT): binance GET https://fapi.binance.com/fapi/v1/klines?interval=15m&limit=100&symbol=LINKUSDT
[2025-06-01 15:17:31,576] [ERROR] OHLCV data fetch error (XLM/USDT): binance GET https://fapi.binance.com/fapi/v1/klines?interval=15m&limit=100&symbol=XLMUSDT
[2025-06-01 15:17:31,678] [ERROR] OHLCV data fetch error (SUI/USDT): binance GET https://fapi.binance.com/fapi/v1/klines?interval=15m&limit=100&symbol=SUIUSDT
[2025-06-01 15:17:31,778] [ERROR] OHLCV data fetch error (TON/USDT): binance GET https://fapi.binance.com/fapi/v1/klines?interval=15m&limit=100&symbol=TONUSDT
[2025-06-01 15:17:31,877] [ERROR] OHLCV data fetch error (HBAR/USDT): binance GET https://fapi.binance.com/fapi/v1/klines?interval=15m&limit=100&symbol=HBARUSDT
[2025-06-01 15:17:31,978] [ERROR] OHLCV data fetch error (BCH/USDT): binance GET https://fapi.binance.com/fapi/v1/klines?interval=15m&limit=100&symbol=BCHUSDT
[2025-06-01 15:17:32,079] [ERROR] OHLCV data fetch error (LTC/USDT): binance GET https://fapi.binance.com/fapi/v1/klines?interval=15m&limit=100&symbol=LTCUSDT
[2025-06-01 15:17:32,220] [ERROR] OHLCV data fetch error (DOT/USDT): binance GET https://fapi.binance.com/fapi/v1/klines?interval=15m&limit=100&symbol=DOTUSDT
[2025-06-01 15:17:32,283] [ERROR] OHLCV data fetch error (XMR/USDT): binance GET https://fapi.binance.com/fapi/v1/klines?interval=15m&limit=100&symbol=XMRUSDT
[2025-06-01 15:17:32,385] [ERROR] OHLCV data fetch error (UNI/USDT): binance GET https://fapi.binance.com/fapi/v1/klines?interval=15m&limit=100&symbol=UNIUSDT
[2025-06-01 15:17:32,484] [ERROR] OHLCV data fetch error (APT/USDT): binance GET https://fapi.binance.com/fapi/v1/klines?interval=15m&limit=100&symbol=APTUSDT
[2025-06-01 15:17:32,584] [ERROR] OHLCV data fetch error (ONDO/USDT): binance GET https://fapi.binance.com/fapi/v1/klines?interval=15m&limit=100&symbol=ONDOUSDT
[2025-06-01 15:17:32,876] [ERROR] OHLCV data fetch error (NEAR/USDT): binance GET https://fapi.binance.com/fapi/v1/klines?interval=15m&limit=100&symbol=NEARUSDT
[2025-06-01 15:17:32,878] [ERROR] OHLCV data fetch error (ICP/USDT): binance GET https://fapi.binance.com/fapi/v1/klines?interval=15m&limit=100&symbol=ICPUSDT
[2025-06-01 15:24:00,276] [ERROR] OHLCV data fetch error (BTC/USDT): binance GET https://fapi.binance.com/fapi/v1/klines?interval=15m&limit=100&symbol=BTCUSDT
[2025-06-01 15:27:47,688] [ERROR] Error calculating signal score for BCH/USDT: binance GET https://fapi.binance.com/fapi/v1/klines?interval=15m&limit=50&symbol=BCHUSDT
[2025-06-01 15:27:47,706] [ERROR] Traceback (most recent call last):
  File "C:\Users\yasin\AppData\Roaming\Python\Python313\site-packages\urllib3\connectionpool.py", line 534, in _make_request
    response = conn.getresponse()
  File "C:\Users\yasin\AppData\Roaming\Python\Python313\site-packages\urllib3\connection.py", line 516, in getresponse
    httplib_response = super().getresponse()
  File "C:\Python313\Lib\http\client.py", line 1428, in getresponse
    response.begin()
    ~~~~~~~~~~~~~~^^
  File "C:\Python313\Lib\http\client.py", line 331, in begin
    version, status, reason = self._read_status()
                              ~~~~~~~~~~~~~~~~~^^
  File "C:\Python313\Lib\http\client.py", line 292, in _read_status
    line = str(self.fp.readline(_MAXLINE + 1), "iso-8859-1")
               ~~~~~~~~~~~~~~~~^^^^^^^^^^^^^^
  File "C:\Python313\Lib\socket.py", line 719, in readinto
    return self._sock.recv_into(b)
           ~~~~~~~~~~~~~~~~~~~~^^^
  File "C:\Python313\Lib\ssl.py", line 1304, in recv_into
    return self.read(nbytes, buffer)
           ~~~~~~~~~^^^^^^^^^^^^^^^^
  File "C:\Python313\Lib\ssl.py", line 1138, in read
    return self._sslobj.read(len, buffer)
           ~~~~~~~~~~~~~~~~~^^^^^^^^^^^^^
TimeoutError: The read operation timed out

The above exception was the direct cause of the following exception:

Traceback (most recent call last):
  File "C:\Users\yasin\AppData\Roaming\Python\Python313\site-packages\requests\adapters.py", line 486, in send
    resp = conn.urlopen(
        method=request.method,
    ...<9 lines>...
        chunked=chunked,
    )
  File "C:\Users\yasin\AppData\Roaming\Python\Python313\site-packages\urllib3\connectionpool.py", line 841, in urlopen
    retries = retries.increment(
        method, url, error=new_e, _pool=self, _stacktrace=sys.exc_info()[2]
    )
  File "C:\Users\yasin\AppData\Roaming\Python\Python313\site-packages\urllib3\util\retry.py", line 474, in increment
    raise reraise(type(error), error, _stacktrace)
          ~~~~~~~^^^^^^^^^^^^^^^^^^^^^^^^^^^^^^^^^
  File "C:\Users\yasin\AppData\Roaming\Python\Python313\site-packages\urllib3\util\util.py", line 39, in reraise
    raise value
  File "C:\Users\yasin\AppData\Roaming\Python\Python313\site-packages\urllib3\connectionpool.py", line 787, in urlopen
    response = self._make_request(
        conn,
    ...<10 lines>...
        **response_kw,
    )
  File "C:\Users\yasin\AppData\Roaming\Python\Python313\site-packages\urllib3\connectionpool.py", line 536, in _make_request
    self._raise_timeout(err=e, url=url, timeout_value=read_timeout)
    ~~~~~~~~~~~~~~~~~~~^^^^^^^^^^^^^^^^^^^^^^^^^^^^^^^^^^^^^^^^^^^^
  File "C:\Users\yasin\AppData\Roaming\Python\Python313\site-packages\urllib3\connectionpool.py", line 367, in _raise_timeout
    raise ReadTimeoutError(
        self, url, f"Read timed out. (read timeout={timeout_value})"
    ) from err
urllib3.exceptions.ReadTimeoutError: HTTPSConnectionPool(host='fapi.binance.com', port=443): Read timed out. (read timeout=10.0)

During handling of the above exception, another exception occurred:

Traceback (most recent call last):
  File "C:\Users\yasin\AppData\Roaming\Python\Python313\site-packages\ccxt\base\exchange.py", line 547, in fetch
    response = self.session.request(
        method,
    ...<5 lines>...
        verify=self.verify and self.validateServerSsl
    )
  File "C:\Users\yasin\AppData\Roaming\Python\Python313\site-packages\requests\sessions.py", line 589, in request
    resp = self.send(prep, **send_kwargs)
  File "C:\Users\yasin\AppData\Roaming\Python\Python313\site-packages\requests\sessions.py", line 703, in send
    r = adapter.send(request, **kwargs)
  File "C:\Users\yasin\AppData\Roaming\Python\Python313\site-packages\requests\adapters.py", line 532, in send
    raise ReadTimeout(e, request=request)
requests.exceptions.ReadTimeout: HTTPSConnectionPool(host='fapi.binance.com', port=443): Read timed out. (read timeout=10.0)

The above exception was the direct cause of the following exception:

Traceback (most recent call last):
  File "c:\Users\yasin\Desktop\BinanceBot\main.py", line 227, in calculate_total_signal_score
    mtf_score, trend_alignment, all_aligned = calculate_multi_timeframe_score(exchange, symbol)
                                              ~~~~~~~~~~~~~~~~~~~~~~~~~~~~~~~^^^^^^^^^^^^^^^^^^
  File "c:\Users\yasin\Desktop\BinanceBot\strategies\multi_timeframe.py", line 13, in calculate_multi_timeframe_score
    df_15m = pd.DataFrame(exchange.fetch_ohlcv(symbol, timeframe='15m', limit=50),
                          ~~~~~~~~~~~~~~~~~~~~^^^^^^^^^^^^^^^^^^^^^^^^^^^^^^^^^^^
  File "C:\Users\yasin\AppData\Roaming\Python\Python313\site-packages\ccxt\binance.py", line 4687, in fetch_ohlcv
    response = self.fapiPublicGetKlines(self.extend(request, params))
  File "C:\Users\yasin\AppData\Roaming\Python\Python313\site-packages\ccxt\base\types.py", line 35, in unbound_method
    return _self.request(self.path, self.api, self.method, params, config=self.config)
           ~~~~~~~~~~~~~^^^^^^^^^^^^^^^^^^^^^^^^^^^^^^^^^^^^^^^^^^^^^^^^^^^^^^^^^^^^^^
  File "C:\Users\yasin\AppData\Roaming\Python\Python313\site-packages\ccxt\binance.py", line 11483, in request
    response = self.fetch2(path, api, method, params, headers, body, config)
  File "C:\Users\yasin\AppData\Roaming\Python\Python313\site-packages\ccxt\base\exchange.py", line 4355, in fetch2
    raise e
  File "C:\Users\yasin\AppData\Roaming\Python\Python313\site-packages\ccxt\base\exchange.py", line 4345, in fetch2
    return self.fetch(request['url'], request['method'], request['headers'], request['body'])
           ~~~~~~~~~~^^^^^^^^^^^^^^^^^^^^^^^^^^^^^^^^^^^^^^^^^^^^^^^^^^^^^^^^^^^^^^^^^^^^^^^^
  File "C:\Users\yasin\AppData\Roaming\Python\Python313\site-packages\ccxt\base\exchange.py", line 577, in fetch
    raise RequestTimeout(details) from e
ccxt.base.errors.RequestTimeout: binance GET https://fapi.binance.com/fapi/v1/klines?interval=15m&limit=50&symbol=BCHUSDT

[2025-06-01 16:07:36,521] [WARNING] Bot stopped by user
